2025-05-22 00:00:32 [pool-2-thread-1] DEBUG s.c.cache.DailyIntakeCache - Performed cache cleanup
2025-05-22 00:01:32 [pool-2-thread-1] DEBUG s.c.cache.DailyIntakeCache - Performed cache cleanup
2025-05-22 00:02:32 [pool-2-thread-1] DEBUG s.c.cache.DailyIntakeCache - Performed cache cleanup
2025-05-22 00:03:32 [pool-2-thread-1] DEBUG s.c.cache.DailyIntakeCache - Performed cache cleanup
2025-05-22 00:03:38 [http-nio-8080-exec-5] INFO  s.caloriecounter.log.LoggingAspect - Вызов метода: UserController.findAllUsers() с аргументами: []
2025-05-22 00:03:38 [http-nio-8080-exec-5] DEBUG org.hibernate.SQL - 
    select
        u1_0.id,
        u1_0.age,
        u1_0.email,
        u1_0.first_name,
        u1_0.gender,
        u1_0.height,
        u1_0.last_name,
        u1_0.weight 
    from
        users u1_0
2025-05-22 00:03:38 [http-nio-8080-exec-5] INFO  s.caloriecounter.log.LoggingAspect - Метод UserController.findAllUsers() успешно выполнен. Результат: <200 OK OK,[User(id=1, firstName=Даниил, lastName=Шорец, age=19, gender=MALE, email=mzitraks@mail.ru, weight=69, height=178), User(id=2, firstName=Мануха, lastName=Мануха, age=19, gender=MALE, email=123@mail.ru, weight=100, height=178)],[]>
2025-05-22 00:03:38 [http-nio-8080-exec-5] DEBUG org.hibernate.SQL - 
    select
        di1_0.user_id,
        di1_0.id,
        di1_0.created_at 
    from
        daily_intakes di1_0 
    where
        di1_0.user_id=?
2025-05-22 00:03:38 [http-nio-8080-exec-5] DEBUG org.hibernate.SQL - 
    select
        di1_0.user_id,
        di1_0.id,
        di1_0.created_at 
    from
        daily_intakes di1_0 
    where
        di1_0.user_id=?
2025-05-22 00:03:38 [http-nio-8080-exec-5] DEBUG org.hibernate.SQL - 
    select
        dif1_0.daily_intake_id,
        dif1_0.id,
        dif1_0.food_id,
        f1_0.id,
        f1_0.calories,
        f1_0.carbs,
        f1_0.fats,
        f1_0.name,
        f1_0.protein,
        dif1_0.weight 
    from
        daily_intake_food dif1_0 
    left join
        foods f1_0 
            on f1_0.id=dif1_0.food_id 
    where
        dif1_0.daily_intake_id=?
2025-05-22 00:03:38 [http-nio-8080-exec-6] INFO  s.caloriecounter.log.LoggingAspect - Вызов метода: UserController.findAllUsers() с аргументами: []
2025-05-22 00:03:38 [http-nio-8080-exec-6] DEBUG org.hibernate.SQL - 
    select
        u1_0.id,
        u1_0.age,
        u1_0.email,
        u1_0.first_name,
        u1_0.gender,
        u1_0.height,
        u1_0.last_name,
        u1_0.weight 
    from
        users u1_0
2025-05-22 00:03:38 [http-nio-8080-exec-6] INFO  s.caloriecounter.log.LoggingAspect - Метод UserController.findAllUsers() успешно выполнен. Результат: <200 OK OK,[User(id=1, firstName=Даниил, lastName=Шорец, age=19, gender=MALE, email=mzitraks@mail.ru, weight=69, height=178), User(id=2, firstName=Мануха, lastName=Мануха, age=19, gender=MALE, email=123@mail.ru, weight=100, height=178)],[]>
2025-05-22 00:03:38 [http-nio-8080-exec-6] DEBUG org.hibernate.SQL - 
    select
        di1_0.user_id,
        di1_0.id,
        di1_0.created_at 
    from
        daily_intakes di1_0 
    where
        di1_0.user_id=?
2025-05-22 00:03:38 [http-nio-8080-exec-6] DEBUG org.hibernate.SQL - 
    select
        di1_0.user_id,
        di1_0.id,
        di1_0.created_at 
    from
        daily_intakes di1_0 
    where
        di1_0.user_id=?
2025-05-22 00:03:38 [http-nio-8080-exec-6] DEBUG org.hibernate.SQL - 
    select
        dif1_0.daily_intake_id,
        dif1_0.id,
        dif1_0.food_id,
        f1_0.id,
        f1_0.calories,
        f1_0.carbs,
        f1_0.fats,
        f1_0.name,
        f1_0.protein,
        dif1_0.weight 
    from
        daily_intake_food dif1_0 
    left join
        foods f1_0 
            on f1_0.id=dif1_0.food_id 
    where
        dif1_0.daily_intake_id=?
2025-05-22 00:04:32 [pool-2-thread-1] DEBUG s.c.cache.DailyIntakeCache - Performed cache cleanup
2025-05-22 00:05:32 [pool-2-thread-1] DEBUG s.c.cache.DailyIntakeCache - Performed cache cleanup
2025-05-22 00:06:32 [pool-2-thread-1] DEBUG s.c.cache.DailyIntakeCache - Performed cache cleanup
2025-05-22 00:07:32 [pool-2-thread-1] DEBUG s.c.cache.DailyIntakeCache - Performed cache cleanup
2025-05-22 00:08:25 [http-nio-8080-exec-4] INFO  s.caloriecounter.log.LoggingAspect - Вызов метода: UserController.updateUser(..) с аргументами: [1, User(id=null, firstName=Дании, lastName=Шорец, age=19, gender=MALE, email=mzitraks@mail.ru, weight=69, height=178)]
2025-05-22 00:08:25 [http-nio-8080-exec-4] DEBUG org.hibernate.SQL - 
    select
        u1_0.id,
        u1_0.age,
        u1_0.email,
        u1_0.first_name,
        u1_0.gender,
        u1_0.height,
        u1_0.last_name,
        u1_0.weight 
    from
        users u1_0 
    where
        u1_0.id=?
2025-05-22 00:08:25 [http-nio-8080-exec-4] DEBUG org.hibernate.SQL - 
    update
        users 
    set
        age=?,
        email=?,
        first_name=?,
        gender=?,
        height=?,
        last_name=?,
        weight=? 
    where
        id=?
2025-05-22 00:08:25 [http-nio-8080-exec-4] INFO  s.c.controller.UserController - Пользователь обновлен успешно. ID: null
2025-05-22 00:08:25 [http-nio-8080-exec-4] INFO  s.caloriecounter.log.LoggingAspect - Метод UserController.updateUser(..) успешно выполнен. Результат: <200 OK OK,Пользователь успешно обновлен.,[]>
2025-05-22 00:08:25 [http-nio-8080-exec-9] INFO  s.caloriecounter.log.LoggingAspect - Вызов метода: UserController.findAllUsers() с аргументами: []
2025-05-22 00:08:25 [http-nio-8080-exec-9] DEBUG org.hibernate.SQL - 
    select
        u1_0.id,
        u1_0.age,
        u1_0.email,
        u1_0.first_name,
        u1_0.gender,
        u1_0.height,
        u1_0.last_name,
        u1_0.weight 
    from
        users u1_0
2025-05-22 00:08:25 [http-nio-8080-exec-9] INFO  s.caloriecounter.log.LoggingAspect - Метод UserController.findAllUsers() успешно выполнен. Результат: <200 OK OK,[User(id=2, firstName=Мануха, lastName=Мануха, age=19, gender=MALE, email=123@mail.ru, weight=100, height=178), User(id=1, firstName=Дании, lastName=Шорец, age=19, gender=MALE, email=mzitraks@mail.ru, weight=69, height=178)],[]>
2025-05-22 00:08:25 [http-nio-8080-exec-9] DEBUG org.hibernate.SQL - 
    select
        di1_0.user_id,
        di1_0.id,
        di1_0.created_at 
    from
        daily_intakes di1_0 
    where
        di1_0.user_id=?
2025-05-22 00:08:25 [http-nio-8080-exec-9] DEBUG org.hibernate.SQL - 
    select
        dif1_0.daily_intake_id,
        dif1_0.id,
        dif1_0.food_id,
        f1_0.id,
        f1_0.calories,
        f1_0.carbs,
        f1_0.fats,
        f1_0.name,
        f1_0.protein,
        dif1_0.weight 
    from
        daily_intake_food dif1_0 
    left join
        foods f1_0 
            on f1_0.id=dif1_0.food_id 
    where
        dif1_0.daily_intake_id=?
2025-05-22 00:08:25 [http-nio-8080-exec-9] DEBUG org.hibernate.SQL - 
    select
        di1_0.user_id,
        di1_0.id,
        di1_0.created_at 
    from
        daily_intakes di1_0 
    where
        di1_0.user_id=?
2025-05-22 00:08:32 [pool-2-thread-1] DEBUG s.c.cache.DailyIntakeCache - Performed cache cleanup
2025-05-22 00:08:33 [http-nio-8080-exec-3] INFO  s.caloriecounter.log.LoggingAspect - Вызов метода: UserController.updateUser(..) с аргументами: [1, User(id=null, firstName=Даниил, lastName=Шорец, age=19, gender=MALE, email=mzitraks@mail.ru, weight=69, height=178)]
2025-05-22 00:08:33 [http-nio-8080-exec-3] DEBUG org.hibernate.SQL - 
    select
        u1_0.id,
        u1_0.age,
        u1_0.email,
        u1_0.first_name,
        u1_0.gender,
        u1_0.height,
        u1_0.last_name,
        u1_0.weight 
    from
        users u1_0 
    where
        u1_0.id=?
2025-05-22 00:08:33 [http-nio-8080-exec-3] DEBUG org.hibernate.SQL - 
    update
        users 
    set
        age=?,
        email=?,
        first_name=?,
        gender=?,
        height=?,
        last_name=?,
        weight=? 
    where
        id=?
2025-05-22 00:08:33 [http-nio-8080-exec-3] INFO  s.c.controller.UserController - Пользователь обновлен успешно. ID: null
2025-05-22 00:08:33 [http-nio-8080-exec-3] INFO  s.caloriecounter.log.LoggingAspect - Метод UserController.updateUser(..) успешно выполнен. Результат: <200 OK OK,Пользователь успешно обновлен.,[]>
2025-05-22 00:08:33 [http-nio-8080-exec-2] INFO  s.caloriecounter.log.LoggingAspect - Вызов метода: UserController.findAllUsers() с аргументами: []
2025-05-22 00:08:33 [http-nio-8080-exec-2] DEBUG org.hibernate.SQL - 
    select
        u1_0.id,
        u1_0.age,
        u1_0.email,
        u1_0.first_name,
        u1_0.gender,
        u1_0.height,
        u1_0.last_name,
        u1_0.weight 
    from
        users u1_0
2025-05-22 00:08:33 [http-nio-8080-exec-2] INFO  s.caloriecounter.log.LoggingAspect - Метод UserController.findAllUsers() успешно выполнен. Результат: <200 OK OK,[User(id=2, firstName=Мануха, lastName=Мануха, age=19, gender=MALE, email=123@mail.ru, weight=100, height=178), User(id=1, firstName=Даниил, lastName=Шорец, age=19, gender=MALE, email=mzitraks@mail.ru, weight=69, height=178)],[]>
2025-05-22 00:08:33 [http-nio-8080-exec-2] DEBUG org.hibernate.SQL - 
    select
        di1_0.user_id,
        di1_0.id,
        di1_0.created_at 
    from
        daily_intakes di1_0 
    where
        di1_0.user_id=?
2025-05-22 00:08:33 [http-nio-8080-exec-2] DEBUG org.hibernate.SQL - 
    select
        dif1_0.daily_intake_id,
        dif1_0.id,
        dif1_0.food_id,
        f1_0.id,
        f1_0.calories,
        f1_0.carbs,
        f1_0.fats,
        f1_0.name,
        f1_0.protein,
        dif1_0.weight 
    from
        daily_intake_food dif1_0 
    left join
        foods f1_0 
            on f1_0.id=dif1_0.food_id 
    where
        dif1_0.daily_intake_id=?
2025-05-22 00:08:33 [http-nio-8080-exec-2] DEBUG org.hibernate.SQL - 
    select
        di1_0.user_id,
        di1_0.id,
        di1_0.created_at 
    from
        daily_intakes di1_0 
    where
        di1_0.user_id=?
2025-05-22 00:09:32 [pool-2-thread-1] DEBUG s.c.cache.DailyIntakeCache - Performed cache cleanup
2025-05-22 00:10:32 [pool-2-thread-1] DEBUG s.c.cache.DailyIntakeCache - Performed cache cleanup
2025-05-22 00:11:32 [pool-2-thread-1] DEBUG s.c.cache.DailyIntakeCache - Performed cache cleanup
2025-05-22 00:12:06 [http-nio-8080-exec-10] INFO  s.caloriecounter.log.LoggingAspect - Вызов метода: UserController.findAllUsers() с аргументами: []
2025-05-22 00:12:06 [http-nio-8080-exec-10] DEBUG org.hibernate.SQL - 
    select
        u1_0.id,
        u1_0.age,
        u1_0.email,
        u1_0.first_name,
        u1_0.gender,
        u1_0.height,
        u1_0.last_name,
        u1_0.weight 
    from
        users u1_0
2025-05-22 00:12:06 [http-nio-8080-exec-10] INFO  s.caloriecounter.log.LoggingAspect - Метод UserController.findAllUsers() успешно выполнен. Результат: <200 OK OK,[User(id=2, firstName=Мануха, lastName=Мануха, age=19, gender=MALE, email=123@mail.ru, weight=100, height=178), User(id=1, firstName=Даниил, lastName=Шорец, age=19, gender=MALE, email=mzitraks@mail.ru, weight=69, height=178)],[]>
2025-05-22 00:12:06 [http-nio-8080-exec-10] DEBUG org.hibernate.SQL - 
    select
        di1_0.user_id,
        di1_0.id,
        di1_0.created_at 
    from
        daily_intakes di1_0 
    where
        di1_0.user_id=?
2025-05-22 00:12:06 [http-nio-8080-exec-10] DEBUG org.hibernate.SQL - 
    select
        dif1_0.daily_intake_id,
        dif1_0.id,
        dif1_0.food_id,
        f1_0.id,
        f1_0.calories,
        f1_0.carbs,
        f1_0.fats,
        f1_0.name,
        f1_0.protein,
        dif1_0.weight 
    from
        daily_intake_food dif1_0 
    left join
        foods f1_0 
            on f1_0.id=dif1_0.food_id 
    where
        dif1_0.daily_intake_id=?
2025-05-22 00:12:06 [http-nio-8080-exec-10] DEBUG org.hibernate.SQL - 
    select
        di1_0.user_id,
        di1_0.id,
        di1_0.created_at 
    from
        daily_intakes di1_0 
    where
        di1_0.user_id=?
2025-05-22 00:12:19 [http-nio-8080-exec-5] INFO  s.caloriecounter.log.LoggingAspect - Вызов метода: UserController.findAllUsers() с аргументами: []
2025-05-22 00:12:19 [http-nio-8080-exec-5] DEBUG org.hibernate.SQL - 
    select
        u1_0.id,
        u1_0.age,
        u1_0.email,
        u1_0.first_name,
        u1_0.gender,
        u1_0.height,
        u1_0.last_name,
        u1_0.weight 
    from
        users u1_0
2025-05-22 00:12:19 [http-nio-8080-exec-5] INFO  s.caloriecounter.log.LoggingAspect - Метод UserController.findAllUsers() успешно выполнен. Результат: <200 OK OK,[User(id=2, firstName=Мануха, lastName=Мануха, age=19, gender=MALE, email=123@mail.ru, weight=100, height=178), User(id=1, firstName=Даниил, lastName=Шорец, age=19, gender=MALE, email=mzitraks@mail.ru, weight=69, height=178)],[]>
2025-05-22 00:12:19 [http-nio-8080-exec-5] DEBUG org.hibernate.SQL - 
    select
        di1_0.user_id,
        di1_0.id,
        di1_0.created_at 
    from
        daily_intakes di1_0 
    where
        di1_0.user_id=?
2025-05-22 00:12:19 [http-nio-8080-exec-5] DEBUG org.hibernate.SQL - 
    select
        dif1_0.daily_intake_id,
        dif1_0.id,
        dif1_0.food_id,
        f1_0.id,
        f1_0.calories,
        f1_0.carbs,
        f1_0.fats,
        f1_0.name,
        f1_0.protein,
        dif1_0.weight 
    from
        daily_intake_food dif1_0 
    left join
        foods f1_0 
            on f1_0.id=dif1_0.food_id 
    where
        dif1_0.daily_intake_id=?
2025-05-22 00:12:19 [http-nio-8080-exec-5] DEBUG org.hibernate.SQL - 
    select
        di1_0.user_id,
        di1_0.id,
        di1_0.created_at 
    from
        daily_intakes di1_0 
    where
        di1_0.user_id=?
2025-05-22 00:12:32 [pool-2-thread-1] DEBUG s.c.cache.DailyIntakeCache - Performed cache cleanup
2025-05-22 00:12:44 [http-nio-8080-exec-6] INFO  s.caloriecounter.log.LoggingAspect - Вызов метода: UserController.findAllUsers() с аргументами: []
2025-05-22 00:12:44 [http-nio-8080-exec-6] DEBUG org.hibernate.SQL - 
    select
        u1_0.id,
        u1_0.age,
        u1_0.email,
        u1_0.first_name,
        u1_0.gender,
        u1_0.height,
        u1_0.last_name,
        u1_0.weight 
    from
        users u1_0
2025-05-22 00:12:44 [http-nio-8080-exec-6] INFO  s.caloriecounter.log.LoggingAspect - Метод UserController.findAllUsers() успешно выполнен. Результат: <200 OK OK,[User(id=2, firstName=Мануха, lastName=Мануха, age=19, gender=MALE, email=123@mail.ru, weight=100, height=178), User(id=1, firstName=Даниил, lastName=Шорец, age=19, gender=MALE, email=mzitraks@mail.ru, weight=69, height=178)],[]>
2025-05-22 00:12:44 [http-nio-8080-exec-6] DEBUG org.hibernate.SQL - 
    select
        di1_0.user_id,
        di1_0.id,
        di1_0.created_at 
    from
        daily_intakes di1_0 
    where
        di1_0.user_id=?
2025-05-22 00:12:44 [http-nio-8080-exec-6] DEBUG org.hibernate.SQL - 
    select
        dif1_0.daily_intake_id,
        dif1_0.id,
        dif1_0.food_id,
        f1_0.id,
        f1_0.calories,
        f1_0.carbs,
        f1_0.fats,
        f1_0.name,
        f1_0.protein,
        dif1_0.weight 
    from
        daily_intake_food dif1_0 
    left join
        foods f1_0 
            on f1_0.id=dif1_0.food_id 
    where
        dif1_0.daily_intake_id=?
2025-05-22 00:12:44 [http-nio-8080-exec-6] DEBUG org.hibernate.SQL - 
    select
        di1_0.user_id,
        di1_0.id,
        di1_0.created_at 
    from
        daily_intakes di1_0 
    where
        di1_0.user_id=?
2025-05-22 00:13:32 [pool-2-thread-1] DEBUG s.c.cache.DailyIntakeCache - Performed cache cleanup
2025-05-22 00:13:39 [http-nio-8080-exec-7] INFO  s.caloriecounter.log.LoggingAspect - Вызов метода: UserController.findAllUsers() с аргументами: []
2025-05-22 00:13:39 [http-nio-8080-exec-7] DEBUG org.hibernate.SQL - 
    select
        u1_0.id,
        u1_0.age,
        u1_0.email,
        u1_0.first_name,
        u1_0.gender,
        u1_0.height,
        u1_0.last_name,
        u1_0.weight 
    from
        users u1_0
2025-05-22 00:13:39 [http-nio-8080-exec-7] INFO  s.caloriecounter.log.LoggingAspect - Метод UserController.findAllUsers() успешно выполнен. Результат: <200 OK OK,[User(id=2, firstName=Мануха, lastName=Мануха, age=19, gender=MALE, email=123@mail.ru, weight=100, height=178), User(id=1, firstName=Даниил, lastName=Шорец, age=19, gender=MALE, email=mzitraks@mail.ru, weight=69, height=178)],[]>
2025-05-22 00:13:39 [http-nio-8080-exec-7] DEBUG org.hibernate.SQL - 
    select
        di1_0.user_id,
        di1_0.id,
        di1_0.created_at 
    from
        daily_intakes di1_0 
    where
        di1_0.user_id=?
2025-05-22 00:13:39 [http-nio-8080-exec-7] DEBUG org.hibernate.SQL - 
    select
        dif1_0.daily_intake_id,
        dif1_0.id,
        dif1_0.food_id,
        f1_0.id,
        f1_0.calories,
        f1_0.carbs,
        f1_0.fats,
        f1_0.name,
        f1_0.protein,
        dif1_0.weight 
    from
        daily_intake_food dif1_0 
    left join
        foods f1_0 
            on f1_0.id=dif1_0.food_id 
    where
        dif1_0.daily_intake_id=?
2025-05-22 00:13:39 [http-nio-8080-exec-7] DEBUG org.hibernate.SQL - 
    select
        di1_0.user_id,
        di1_0.id,
        di1_0.created_at 
    from
        daily_intakes di1_0 
    where
        di1_0.user_id=?
2025-05-22 00:14:04 [http-nio-8080-exec-8] INFO  s.caloriecounter.log.LoggingAspect - Вызов метода: FoodController.getFoods() с аргументами: []
2025-05-22 00:14:04 [http-nio-8080-exec-8] DEBUG org.hibernate.SQL - 
    select
        f1_0.id,
        f1_0.calories,
        f1_0.carbs,
        f1_0.fats,
        f1_0.name,
        f1_0.protein 
    from
        foods f1_0
2025-05-22 00:14:05 [http-nio-8080-exec-8] INFO  s.caloriecounter.log.LoggingAspect - Метод FoodController.getFoods() успешно выполнен. Результат: <200 OK OK,[Food(id=1, name=Водка, calories=300.0, protein=0.0, fats=0.0, carbs=0.0), Food(id=2, name=Хлеб черный, calories=300.0, protein=2.0, fats=10.0, carbs=25.0), Food(id=3, name=Свининка, calories=400.0, protein=12.0, fats=20.0, carbs=30.0)],[]>
2025-05-22 00:14:05 [http-nio-8080-exec-4] INFO  s.caloriecounter.log.LoggingAspect - Вызов метода: FoodController.getFoods() с аргументами: []
2025-05-22 00:14:05 [http-nio-8080-exec-4] DEBUG org.hibernate.SQL - 
    select
        f1_0.id,
        f1_0.calories,
        f1_0.carbs,
        f1_0.fats,
        f1_0.name,
        f1_0.protein 
    from
        foods f1_0
2025-05-22 00:14:05 [http-nio-8080-exec-4] INFO  s.caloriecounter.log.LoggingAspect - Метод FoodController.getFoods() успешно выполнен. Результат: <200 OK OK,[Food(id=1, name=Водка, calories=300.0, protein=0.0, fats=0.0, carbs=0.0), Food(id=2, name=Хлеб черный, calories=300.0, protein=2.0, fats=10.0, carbs=25.0), Food(id=3, name=Свининка, calories=400.0, protein=12.0, fats=20.0, carbs=30.0)],[]>
2025-05-22 00:14:32 [pool-2-thread-1] DEBUG s.c.cache.DailyIntakeCache - Performed cache cleanup
2025-05-22 00:15:32 [pool-2-thread-1] DEBUG s.c.cache.DailyIntakeCache - Performed cache cleanup
2025-05-22 00:16:32 [pool-2-thread-1] DEBUG s.c.cache.DailyIntakeCache - Performed cache cleanup
2025-05-22 00:17:32 [pool-2-thread-1] DEBUG s.c.cache.DailyIntakeCache - Performed cache cleanup
2025-05-22 00:17:38 [http-nio-8080-exec-3] INFO  s.caloriecounter.log.LoggingAspect - Вызов метода: FoodController.getFoods() с аргументами: []
2025-05-22 00:17:38 [http-nio-8080-exec-3] DEBUG org.hibernate.SQL - 
    select
        f1_0.id,
        f1_0.calories,
        f1_0.carbs,
        f1_0.fats,
        f1_0.name,
        f1_0.protein 
    from
        foods f1_0
2025-05-22 00:17:38 [http-nio-8080-exec-3] INFO  s.caloriecounter.log.LoggingAspect - Метод FoodController.getFoods() успешно выполнен. Результат: <200 OK OK,[Food(id=1, name=Водка, calories=300.0, protein=0.0, fats=0.0, carbs=0.0), Food(id=2, name=Хлеб черный, calories=300.0, protein=2.0, fats=10.0, carbs=25.0), Food(id=3, name=Свининка, calories=400.0, protein=12.0, fats=20.0, carbs=30.0)],[]>
2025-05-22 00:18:09 [http-nio-8080-exec-2] INFO  s.caloriecounter.log.LoggingAspect - Вызов метода: FoodController.getFoods() с аргументами: []
2025-05-22 00:18:09 [http-nio-8080-exec-2] DEBUG org.hibernate.SQL - 
    select
        f1_0.id,
        f1_0.calories,
        f1_0.carbs,
        f1_0.fats,
        f1_0.name,
        f1_0.protein 
    from
        foods f1_0
2025-05-22 00:18:09 [http-nio-8080-exec-2] INFO  s.caloriecounter.log.LoggingAspect - Метод FoodController.getFoods() успешно выполнен. Результат: <200 OK OK,[Food(id=1, name=Водка, calories=300.0, protein=0.0, fats=0.0, carbs=0.0), Food(id=2, name=Хлеб черный, calories=300.0, protein=2.0, fats=10.0, carbs=25.0), Food(id=3, name=Свининка, calories=400.0, protein=12.0, fats=20.0, carbs=30.0)],[]>
2025-05-22 00:18:33 [pool-2-thread-1] DEBUG s.c.cache.DailyIntakeCache - Performed cache cleanup
2025-05-22 00:19:32 [pool-2-thread-1] DEBUG s.c.cache.DailyIntakeCache - Performed cache cleanup
2025-05-22 00:20:32 [pool-2-thread-1] DEBUG s.c.cache.DailyIntakeCache - Performed cache cleanup
2025-05-22 00:21:17 [http-nio-8080-exec-10] INFO  s.caloriecounter.log.LoggingAspect - Вызов метода: UserController.findAllUsers() с аргументами: []
2025-05-22 00:21:17 [http-nio-8080-exec-10] DEBUG org.hibernate.SQL - 
    select
        u1_0.id,
        u1_0.age,
        u1_0.email,
        u1_0.first_name,
        u1_0.gender,
        u1_0.height,
        u1_0.last_name,
        u1_0.weight 
    from
        users u1_0
2025-05-22 00:21:17 [http-nio-8080-exec-10] INFO  s.caloriecounter.log.LoggingAspect - Метод UserController.findAllUsers() успешно выполнен. Результат: <200 OK OK,[User(id=2, firstName=Мануха, lastName=Мануха, age=19, gender=MALE, email=123@mail.ru, weight=100, height=178), User(id=1, firstName=Даниил, lastName=Шорец, age=19, gender=MALE, email=mzitraks@mail.ru, weight=69, height=178)],[]>
2025-05-22 00:21:17 [http-nio-8080-exec-10] DEBUG org.hibernate.SQL - 
    select
        di1_0.user_id,
        di1_0.id,
        di1_0.created_at 
    from
        daily_intakes di1_0 
    where
        di1_0.user_id=?
2025-05-22 00:21:17 [http-nio-8080-exec-10] DEBUG org.hibernate.SQL - 
    select
        dif1_0.daily_intake_id,
        dif1_0.id,
        dif1_0.food_id,
        f1_0.id,
        f1_0.calories,
        f1_0.carbs,
        f1_0.fats,
        f1_0.name,
        f1_0.protein,
        dif1_0.weight 
    from
        daily_intake_food dif1_0 
    left join
        foods f1_0 
            on f1_0.id=dif1_0.food_id 
    where
        dif1_0.daily_intake_id=?
2025-05-22 00:21:17 [http-nio-8080-exec-10] DEBUG org.hibernate.SQL - 
    select
        di1_0.user_id,
        di1_0.id,
        di1_0.created_at 
    from
        daily_intakes di1_0 
    where
        di1_0.user_id=?
2025-05-22 00:21:17 [http-nio-8080-exec-5] INFO  s.caloriecounter.log.LoggingAspect - Вызов метода: UserController.findAllUsers() с аргументами: []
2025-05-22 00:21:17 [http-nio-8080-exec-5] DEBUG org.hibernate.SQL - 
    select
        u1_0.id,
        u1_0.age,
        u1_0.email,
        u1_0.first_name,
        u1_0.gender,
        u1_0.height,
        u1_0.last_name,
        u1_0.weight 
    from
        users u1_0
2025-05-22 00:21:17 [http-nio-8080-exec-5] INFO  s.caloriecounter.log.LoggingAspect - Метод UserController.findAllUsers() успешно выполнен. Результат: <200 OK OK,[User(id=2, firstName=Мануха, lastName=Мануха, age=19, gender=MALE, email=123@mail.ru, weight=100, height=178), User(id=1, firstName=Даниил, lastName=Шорец, age=19, gender=MALE, email=mzitraks@mail.ru, weight=69, height=178)],[]>
2025-05-22 00:21:17 [http-nio-8080-exec-5] DEBUG org.hibernate.SQL - 
    select
        di1_0.user_id,
        di1_0.id,
        di1_0.created_at 
    from
        daily_intakes di1_0 
    where
        di1_0.user_id=?
2025-05-22 00:21:17 [http-nio-8080-exec-5] DEBUG org.hibernate.SQL - 
    select
        dif1_0.daily_intake_id,
        dif1_0.id,
        dif1_0.food_id,
        f1_0.id,
        f1_0.calories,
        f1_0.carbs,
        f1_0.fats,
        f1_0.name,
        f1_0.protein,
        dif1_0.weight 
    from
        daily_intake_food dif1_0 
    left join
        foods f1_0 
            on f1_0.id=dif1_0.food_id 
    where
        dif1_0.daily_intake_id=?
2025-05-22 00:21:17 [http-nio-8080-exec-5] DEBUG org.hibernate.SQL - 
    select
        di1_0.user_id,
        di1_0.id,
        di1_0.created_at 
    from
        daily_intakes di1_0 
    where
        di1_0.user_id=?
2025-05-22 00:21:24 [http-nio-8080-exec-6] INFO  s.caloriecounter.log.LoggingAspect - Вызов метода: UserController.findAllUsers() с аргументами: []
2025-05-22 00:21:24 [http-nio-8080-exec-6] DEBUG org.hibernate.SQL - 
    select
        u1_0.id,
        u1_0.age,
        u1_0.email,
        u1_0.first_name,
        u1_0.gender,
        u1_0.height,
        u1_0.last_name,
        u1_0.weight 
    from
        users u1_0
2025-05-22 00:21:24 [http-nio-8080-exec-6] INFO  s.caloriecounter.log.LoggingAspect - Метод UserController.findAllUsers() успешно выполнен. Результат: <200 OK OK,[User(id=2, firstName=Мануха, lastName=Мануха, age=19, gender=MALE, email=123@mail.ru, weight=100, height=178), User(id=1, firstName=Даниил, lastName=Шорец, age=19, gender=MALE, email=mzitraks@mail.ru, weight=69, height=178)],[]>
2025-05-22 00:21:24 [http-nio-8080-exec-6] DEBUG org.hibernate.SQL - 
    select
        di1_0.user_id,
        di1_0.id,
        di1_0.created_at 
    from
        daily_intakes di1_0 
    where
        di1_0.user_id=?
2025-05-22 00:21:24 [http-nio-8080-exec-6] DEBUG org.hibernate.SQL - 
    select
        dif1_0.daily_intake_id,
        dif1_0.id,
        dif1_0.food_id,
        f1_0.id,
        f1_0.calories,
        f1_0.carbs,
        f1_0.fats,
        f1_0.name,
        f1_0.protein,
        dif1_0.weight 
    from
        daily_intake_food dif1_0 
    left join
        foods f1_0 
            on f1_0.id=dif1_0.food_id 
    where
        dif1_0.daily_intake_id=?
2025-05-22 00:21:24 [http-nio-8080-exec-6] DEBUG org.hibernate.SQL - 
    select
        di1_0.user_id,
        di1_0.id,
        di1_0.created_at 
    from
        daily_intakes di1_0 
    where
        di1_0.user_id=?
2025-05-22 00:21:24 [http-nio-8080-exec-7] INFO  s.caloriecounter.log.LoggingAspect - Вызов метода: UserController.findAllUsers() с аргументами: []
2025-05-22 00:21:24 [http-nio-8080-exec-7] DEBUG org.hibernate.SQL - 
    select
        u1_0.id,
        u1_0.age,
        u1_0.email,
        u1_0.first_name,
        u1_0.gender,
        u1_0.height,
        u1_0.last_name,
        u1_0.weight 
    from
        users u1_0
2025-05-22 00:21:24 [http-nio-8080-exec-7] INFO  s.caloriecounter.log.LoggingAspect - Метод UserController.findAllUsers() успешно выполнен. Результат: <200 OK OK,[User(id=2, firstName=Мануха, lastName=Мануха, age=19, gender=MALE, email=123@mail.ru, weight=100, height=178), User(id=1, firstName=Даниил, lastName=Шорец, age=19, gender=MALE, email=mzitraks@mail.ru, weight=69, height=178)],[]>
2025-05-22 00:21:24 [http-nio-8080-exec-7] DEBUG org.hibernate.SQL - 
    select
        di1_0.user_id,
        di1_0.id,
        di1_0.created_at 
    from
        daily_intakes di1_0 
    where
        di1_0.user_id=?
2025-05-22 00:21:24 [http-nio-8080-exec-7] DEBUG org.hibernate.SQL - 
    select
        dif1_0.daily_intake_id,
        dif1_0.id,
        dif1_0.food_id,
        f1_0.id,
        f1_0.calories,
        f1_0.carbs,
        f1_0.fats,
        f1_0.name,
        f1_0.protein,
        dif1_0.weight 
    from
        daily_intake_food dif1_0 
    left join
        foods f1_0 
            on f1_0.id=dif1_0.food_id 
    where
        dif1_0.daily_intake_id=?
2025-05-22 00:21:24 [http-nio-8080-exec-7] DEBUG org.hibernate.SQL - 
    select
        di1_0.user_id,
        di1_0.id,
        di1_0.created_at 
    from
        daily_intakes di1_0 
    where
        di1_0.user_id=?
2025-05-22 00:21:29 [http-nio-8080-exec-8] INFO  s.caloriecounter.log.LoggingAspect - Вызов метода: UserController.findAllUsers() с аргументами: []
2025-05-22 00:21:29 [http-nio-8080-exec-8] DEBUG org.hibernate.SQL - 
    select
        u1_0.id,
        u1_0.age,
        u1_0.email,
        u1_0.first_name,
        u1_0.gender,
        u1_0.height,
        u1_0.last_name,
        u1_0.weight 
    from
        users u1_0
2025-05-22 00:21:29 [http-nio-8080-exec-8] INFO  s.caloriecounter.log.LoggingAspect - Метод UserController.findAllUsers() успешно выполнен. Результат: <200 OK OK,[User(id=2, firstName=Мануха, lastName=Мануха, age=19, gender=MALE, email=123@mail.ru, weight=100, height=178), User(id=1, firstName=Даниил, lastName=Шорец, age=19, gender=MALE, email=mzitraks@mail.ru, weight=69, height=178)],[]>
2025-05-22 00:21:29 [http-nio-8080-exec-8] DEBUG org.hibernate.SQL - 
    select
        di1_0.user_id,
        di1_0.id,
        di1_0.created_at 
    from
        daily_intakes di1_0 
    where
        di1_0.user_id=?
2025-05-22 00:21:29 [http-nio-8080-exec-8] DEBUG org.hibernate.SQL - 
    select
        dif1_0.daily_intake_id,
        dif1_0.id,
        dif1_0.food_id,
        f1_0.id,
        f1_0.calories,
        f1_0.carbs,
        f1_0.fats,
        f1_0.name,
        f1_0.protein,
        dif1_0.weight 
    from
        daily_intake_food dif1_0 
    left join
        foods f1_0 
            on f1_0.id=dif1_0.food_id 
    where
        dif1_0.daily_intake_id=?
2025-05-22 00:21:29 [http-nio-8080-exec-8] DEBUG org.hibernate.SQL - 
    select
        di1_0.user_id,
        di1_0.id,
        di1_0.created_at 
    from
        daily_intakes di1_0 
    where
        di1_0.user_id=?
2025-05-22 00:21:29 [http-nio-8080-exec-4] INFO  s.caloriecounter.log.LoggingAspect - Вызов метода: UserController.findAllUsers() с аргументами: []
2025-05-22 00:21:29 [http-nio-8080-exec-4] DEBUG org.hibernate.SQL - 
    select
        u1_0.id,
        u1_0.age,
        u1_0.email,
        u1_0.first_name,
        u1_0.gender,
        u1_0.height,
        u1_0.last_name,
        u1_0.weight 
    from
        users u1_0
2025-05-22 00:21:29 [http-nio-8080-exec-4] INFO  s.caloriecounter.log.LoggingAspect - Метод UserController.findAllUsers() успешно выполнен. Результат: <200 OK OK,[User(id=2, firstName=Мануха, lastName=Мануха, age=19, gender=MALE, email=123@mail.ru, weight=100, height=178), User(id=1, firstName=Даниил, lastName=Шорец, age=19, gender=MALE, email=mzitraks@mail.ru, weight=69, height=178)],[]>
2025-05-22 00:21:29 [http-nio-8080-exec-4] DEBUG org.hibernate.SQL - 
    select
        di1_0.user_id,
        di1_0.id,
        di1_0.created_at 
    from
        daily_intakes di1_0 
    where
        di1_0.user_id=?
2025-05-22 00:21:29 [http-nio-8080-exec-4] DEBUG org.hibernate.SQL - 
    select
        dif1_0.daily_intake_id,
        dif1_0.id,
        dif1_0.food_id,
        f1_0.id,
        f1_0.calories,
        f1_0.carbs,
        f1_0.fats,
        f1_0.name,
        f1_0.protein,
        dif1_0.weight 
    from
        daily_intake_food dif1_0 
    left join
        foods f1_0 
            on f1_0.id=dif1_0.food_id 
    where
        dif1_0.daily_intake_id=?
2025-05-22 00:21:29 [http-nio-8080-exec-4] DEBUG org.hibernate.SQL - 
    select
        di1_0.user_id,
        di1_0.id,
        di1_0.created_at 
    from
        daily_intakes di1_0 
    where
        di1_0.user_id=?
2025-05-22 00:21:32 [pool-2-thread-1] DEBUG s.c.cache.DailyIntakeCache - Performed cache cleanup
2025-05-22 00:21:35 [http-nio-8080-exec-9] INFO  s.caloriecounter.log.LoggingAspect - Вызов метода: UserController.findAllUsers() с аргументами: []
2025-05-22 00:21:35 [http-nio-8080-exec-9] DEBUG org.hibernate.SQL - 
    select
        u1_0.id,
        u1_0.age,
        u1_0.email,
        u1_0.first_name,
        u1_0.gender,
        u1_0.height,
        u1_0.last_name,
        u1_0.weight 
    from
        users u1_0
2025-05-22 00:21:35 [http-nio-8080-exec-9] INFO  s.caloriecounter.log.LoggingAspect - Метод UserController.findAllUsers() успешно выполнен. Результат: <200 OK OK,[User(id=2, firstName=Мануха, lastName=Мануха, age=19, gender=MALE, email=123@mail.ru, weight=100, height=178), User(id=1, firstName=Даниил, lastName=Шорец, age=19, gender=MALE, email=mzitraks@mail.ru, weight=69, height=178)],[]>
2025-05-22 00:21:35 [http-nio-8080-exec-9] DEBUG org.hibernate.SQL - 
    select
        di1_0.user_id,
        di1_0.id,
        di1_0.created_at 
    from
        daily_intakes di1_0 
    where
        di1_0.user_id=?
2025-05-22 00:21:35 [http-nio-8080-exec-9] DEBUG org.hibernate.SQL - 
    select
        dif1_0.daily_intake_id,
        dif1_0.id,
        dif1_0.food_id,
        f1_0.id,
        f1_0.calories,
        f1_0.carbs,
        f1_0.fats,
        f1_0.name,
        f1_0.protein,
        dif1_0.weight 
    from
        daily_intake_food dif1_0 
    left join
        foods f1_0 
            on f1_0.id=dif1_0.food_id 
    where
        dif1_0.daily_intake_id=?
2025-05-22 00:21:35 [http-nio-8080-exec-9] DEBUG org.hibernate.SQL - 
    select
        di1_0.user_id,
        di1_0.id,
        di1_0.created_at 
    from
        daily_intakes di1_0 
    where
        di1_0.user_id=?
2025-05-22 00:21:35 [http-nio-8080-exec-3] INFO  s.caloriecounter.log.LoggingAspect - Вызов метода: UserController.findAllUsers() с аргументами: []
2025-05-22 00:21:35 [http-nio-8080-exec-3] DEBUG org.hibernate.SQL - 
    select
        u1_0.id,
        u1_0.age,
        u1_0.email,
        u1_0.first_name,
        u1_0.gender,
        u1_0.height,
        u1_0.last_name,
        u1_0.weight 
    from
        users u1_0
2025-05-22 00:21:35 [http-nio-8080-exec-3] INFO  s.caloriecounter.log.LoggingAspect - Метод UserController.findAllUsers() успешно выполнен. Результат: <200 OK OK,[User(id=2, firstName=Мануха, lastName=Мануха, age=19, gender=MALE, email=123@mail.ru, weight=100, height=178), User(id=1, firstName=Даниил, lastName=Шорец, age=19, gender=MALE, email=mzitraks@mail.ru, weight=69, height=178)],[]>
2025-05-22 00:21:35 [http-nio-8080-exec-3] DEBUG org.hibernate.SQL - 
    select
        di1_0.user_id,
        di1_0.id,
        di1_0.created_at 
    from
        daily_intakes di1_0 
    where
        di1_0.user_id=?
2025-05-22 00:21:35 [http-nio-8080-exec-3] DEBUG org.hibernate.SQL - 
    select
        dif1_0.daily_intake_id,
        dif1_0.id,
        dif1_0.food_id,
        f1_0.id,
        f1_0.calories,
        f1_0.carbs,
        f1_0.fats,
        f1_0.name,
        f1_0.protein,
        dif1_0.weight 
    from
        daily_intake_food dif1_0 
    left join
        foods f1_0 
            on f1_0.id=dif1_0.food_id 
    where
        dif1_0.daily_intake_id=?
2025-05-22 00:21:35 [http-nio-8080-exec-3] DEBUG org.hibernate.SQL - 
    select
        di1_0.user_id,
        di1_0.id,
        di1_0.created_at 
    from
        daily_intakes di1_0 
    where
        di1_0.user_id=?
2025-05-22 00:22:32 [pool-2-thread-1] DEBUG s.c.cache.DailyIntakeCache - Performed cache cleanup
2025-05-22 00:22:49 [http-nio-8080-exec-10] INFO  s.caloriecounter.log.LoggingAspect - Вызов метода: UserController.findAllUsers() с аргументами: []
2025-05-22 00:22:49 [http-nio-8080-exec-10] DEBUG org.hibernate.SQL - 
    select
        u1_0.id,
        u1_0.age,
        u1_0.email,
        u1_0.first_name,
        u1_0.gender,
        u1_0.height,
        u1_0.last_name,
        u1_0.weight 
    from
        users u1_0
2025-05-22 00:22:49 [http-nio-8080-exec-10] INFO  s.caloriecounter.log.LoggingAspect - Метод UserController.findAllUsers() успешно выполнен. Результат: <200 OK OK,[User(id=2, firstName=Мануха, lastName=Мануха, age=19, gender=MALE, email=123@mail.ru, weight=100, height=178), User(id=1, firstName=Даниил, lastName=Шорец, age=19, gender=MALE, email=mzitraks@mail.ru, weight=69, height=178)],[]>
2025-05-22 00:22:49 [http-nio-8080-exec-10] DEBUG org.hibernate.SQL - 
    select
        di1_0.user_id,
        di1_0.id,
        di1_0.created_at 
    from
        daily_intakes di1_0 
    where
        di1_0.user_id=?
2025-05-22 00:22:49 [http-nio-8080-exec-10] DEBUG org.hibernate.SQL - 
    select
        dif1_0.daily_intake_id,
        dif1_0.id,
        dif1_0.food_id,
        f1_0.id,
        f1_0.calories,
        f1_0.carbs,
        f1_0.fats,
        f1_0.name,
        f1_0.protein,
        dif1_0.weight 
    from
        daily_intake_food dif1_0 
    left join
        foods f1_0 
            on f1_0.id=dif1_0.food_id 
    where
        dif1_0.daily_intake_id=?
2025-05-22 00:22:49 [http-nio-8080-exec-10] DEBUG org.hibernate.SQL - 
    select
        di1_0.user_id,
        di1_0.id,
        di1_0.created_at 
    from
        daily_intakes di1_0 
    where
        di1_0.user_id=?
2025-05-22 00:22:49 [http-nio-8080-exec-5] INFO  s.caloriecounter.log.LoggingAspect - Вызов метода: UserController.findAllUsers() с аргументами: []
2025-05-22 00:22:49 [http-nio-8080-exec-5] DEBUG org.hibernate.SQL - 
    select
        u1_0.id,
        u1_0.age,
        u1_0.email,
        u1_0.first_name,
        u1_0.gender,
        u1_0.height,
        u1_0.last_name,
        u1_0.weight 
    from
        users u1_0
2025-05-22 00:22:49 [http-nio-8080-exec-5] INFO  s.caloriecounter.log.LoggingAspect - Метод UserController.findAllUsers() успешно выполнен. Результат: <200 OK OK,[User(id=2, firstName=Мануха, lastName=Мануха, age=19, gender=MALE, email=123@mail.ru, weight=100, height=178), User(id=1, firstName=Даниил, lastName=Шорец, age=19, gender=MALE, email=mzitraks@mail.ru, weight=69, height=178)],[]>
2025-05-22 00:22:49 [http-nio-8080-exec-5] DEBUG org.hibernate.SQL - 
    select
        di1_0.user_id,
        di1_0.id,
        di1_0.created_at 
    from
        daily_intakes di1_0 
    where
        di1_0.user_id=?
2025-05-22 00:22:49 [http-nio-8080-exec-5] DEBUG org.hibernate.SQL - 
    select
        dif1_0.daily_intake_id,
        dif1_0.id,
        dif1_0.food_id,
        f1_0.id,
        f1_0.calories,
        f1_0.carbs,
        f1_0.fats,
        f1_0.name,
        f1_0.protein,
        dif1_0.weight 
    from
        daily_intake_food dif1_0 
    left join
        foods f1_0 
            on f1_0.id=dif1_0.food_id 
    where
        dif1_0.daily_intake_id=?
2025-05-22 00:22:49 [http-nio-8080-exec-5] DEBUG org.hibernate.SQL - 
    select
        di1_0.user_id,
        di1_0.id,
        di1_0.created_at 
    from
        daily_intakes di1_0 
    where
        di1_0.user_id=?
2025-05-22 00:22:58 [http-nio-8080-exec-6] INFO  s.caloriecounter.log.LoggingAspect - Вызов метода: UserController.findAllUsers() с аргументами: []
2025-05-22 00:22:58 [http-nio-8080-exec-6] DEBUG org.hibernate.SQL - 
    select
        u1_0.id,
        u1_0.age,
        u1_0.email,
        u1_0.first_name,
        u1_0.gender,
        u1_0.height,
        u1_0.last_name,
        u1_0.weight 
    from
        users u1_0
2025-05-22 00:22:58 [http-nio-8080-exec-6] INFO  s.caloriecounter.log.LoggingAspect - Метод UserController.findAllUsers() успешно выполнен. Результат: <200 OK OK,[User(id=2, firstName=Мануха, lastName=Мануха, age=19, gender=MALE, email=123@mail.ru, weight=100, height=178), User(id=1, firstName=Даниил, lastName=Шорец, age=19, gender=MALE, email=mzitraks@mail.ru, weight=69, height=178)],[]>
2025-05-22 00:22:58 [http-nio-8080-exec-6] DEBUG org.hibernate.SQL - 
    select
        di1_0.user_id,
        di1_0.id,
        di1_0.created_at 
    from
        daily_intakes di1_0 
    where
        di1_0.user_id=?
2025-05-22 00:22:58 [http-nio-8080-exec-6] DEBUG org.hibernate.SQL - 
    select
        dif1_0.daily_intake_id,
        dif1_0.id,
        dif1_0.food_id,
        f1_0.id,
        f1_0.calories,
        f1_0.carbs,
        f1_0.fats,
        f1_0.name,
        f1_0.protein,
        dif1_0.weight 
    from
        daily_intake_food dif1_0 
    left join
        foods f1_0 
            on f1_0.id=dif1_0.food_id 
    where
        dif1_0.daily_intake_id=?
2025-05-22 00:22:58 [http-nio-8080-exec-6] DEBUG org.hibernate.SQL - 
    select
        di1_0.user_id,
        di1_0.id,
        di1_0.created_at 
    from
        daily_intakes di1_0 
    where
        di1_0.user_id=?
2025-05-22 00:22:58 [http-nio-8080-exec-7] INFO  s.caloriecounter.log.LoggingAspect - Вызов метода: UserController.findAllUsers() с аргументами: []
2025-05-22 00:22:58 [http-nio-8080-exec-7] DEBUG org.hibernate.SQL - 
    select
        u1_0.id,
        u1_0.age,
        u1_0.email,
        u1_0.first_name,
        u1_0.gender,
        u1_0.height,
        u1_0.last_name,
        u1_0.weight 
    from
        users u1_0
2025-05-22 00:22:58 [http-nio-8080-exec-7] INFO  s.caloriecounter.log.LoggingAspect - Метод UserController.findAllUsers() успешно выполнен. Результат: <200 OK OK,[User(id=2, firstName=Мануха, lastName=Мануха, age=19, gender=MALE, email=123@mail.ru, weight=100, height=178), User(id=1, firstName=Даниил, lastName=Шорец, age=19, gender=MALE, email=mzitraks@mail.ru, weight=69, height=178)],[]>
2025-05-22 00:22:58 [http-nio-8080-exec-7] DEBUG org.hibernate.SQL - 
    select
        di1_0.user_id,
        di1_0.id,
        di1_0.created_at 
    from
        daily_intakes di1_0 
    where
        di1_0.user_id=?
2025-05-22 00:22:58 [http-nio-8080-exec-7] DEBUG org.hibernate.SQL - 
    select
        dif1_0.daily_intake_id,
        dif1_0.id,
        dif1_0.food_id,
        f1_0.id,
        f1_0.calories,
        f1_0.carbs,
        f1_0.fats,
        f1_0.name,
        f1_0.protein,
        dif1_0.weight 
    from
        daily_intake_food dif1_0 
    left join
        foods f1_0 
            on f1_0.id=dif1_0.food_id 
    where
        dif1_0.daily_intake_id=?
2025-05-22 00:22:58 [http-nio-8080-exec-7] DEBUG org.hibernate.SQL - 
    select
        di1_0.user_id,
        di1_0.id,
        di1_0.created_at 
    from
        daily_intakes di1_0 
    where
        di1_0.user_id=?
2025-05-22 00:23:04 [http-nio-8080-exec-8] INFO  s.caloriecounter.log.LoggingAspect - Вызов метода: UserController.findAllUsers() с аргументами: []
2025-05-22 00:23:04 [http-nio-8080-exec-8] DEBUG org.hibernate.SQL - 
    select
        u1_0.id,
        u1_0.age,
        u1_0.email,
        u1_0.first_name,
        u1_0.gender,
        u1_0.height,
        u1_0.last_name,
        u1_0.weight 
    from
        users u1_0
2025-05-22 00:23:04 [http-nio-8080-exec-8] INFO  s.caloriecounter.log.LoggingAspect - Метод UserController.findAllUsers() успешно выполнен. Результат: <200 OK OK,[User(id=2, firstName=Мануха, lastName=Мануха, age=19, gender=MALE, email=123@mail.ru, weight=100, height=178), User(id=1, firstName=Даниил, lastName=Шорец, age=19, gender=MALE, email=mzitraks@mail.ru, weight=69, height=178)],[]>
2025-05-22 00:23:04 [http-nio-8080-exec-8] DEBUG org.hibernate.SQL - 
    select
        di1_0.user_id,
        di1_0.id,
        di1_0.created_at 
    from
        daily_intakes di1_0 
    where
        di1_0.user_id=?
2025-05-22 00:23:04 [http-nio-8080-exec-8] DEBUG org.hibernate.SQL - 
    select
        dif1_0.daily_intake_id,
        dif1_0.id,
        dif1_0.food_id,
        f1_0.id,
        f1_0.calories,
        f1_0.carbs,
        f1_0.fats,
        f1_0.name,
        f1_0.protein,
        dif1_0.weight 
    from
        daily_intake_food dif1_0 
    left join
        foods f1_0 
            on f1_0.id=dif1_0.food_id 
    where
        dif1_0.daily_intake_id=?
2025-05-22 00:23:04 [http-nio-8080-exec-8] DEBUG org.hibernate.SQL - 
    select
        di1_0.user_id,
        di1_0.id,
        di1_0.created_at 
    from
        daily_intakes di1_0 
    where
        di1_0.user_id=?
2025-05-22 00:23:04 [http-nio-8080-exec-4] INFO  s.caloriecounter.log.LoggingAspect - Вызов метода: UserController.findAllUsers() с аргументами: []
2025-05-22 00:23:04 [http-nio-8080-exec-4] DEBUG org.hibernate.SQL - 
    select
        u1_0.id,
        u1_0.age,
        u1_0.email,
        u1_0.first_name,
        u1_0.gender,
        u1_0.height,
        u1_0.last_name,
        u1_0.weight 
    from
        users u1_0
2025-05-22 00:23:04 [http-nio-8080-exec-4] INFO  s.caloriecounter.log.LoggingAspect - Метод UserController.findAllUsers() успешно выполнен. Результат: <200 OK OK,[User(id=2, firstName=Мануха, lastName=Мануха, age=19, gender=MALE, email=123@mail.ru, weight=100, height=178), User(id=1, firstName=Даниил, lastName=Шорец, age=19, gender=MALE, email=mzitraks@mail.ru, weight=69, height=178)],[]>
2025-05-22 00:23:04 [http-nio-8080-exec-4] DEBUG org.hibernate.SQL - 
    select
        di1_0.user_id,
        di1_0.id,
        di1_0.created_at 
    from
        daily_intakes di1_0 
    where
        di1_0.user_id=?
2025-05-22 00:23:04 [http-nio-8080-exec-4] DEBUG org.hibernate.SQL - 
    select
        dif1_0.daily_intake_id,
        dif1_0.id,
        dif1_0.food_id,
        f1_0.id,
        f1_0.calories,
        f1_0.carbs,
        f1_0.fats,
        f1_0.name,
        f1_0.protein,
        dif1_0.weight 
    from
        daily_intake_food dif1_0 
    left join
        foods f1_0 
            on f1_0.id=dif1_0.food_id 
    where
        dif1_0.daily_intake_id=?
2025-05-22 00:23:04 [http-nio-8080-exec-4] DEBUG org.hibernate.SQL - 
    select
        di1_0.user_id,
        di1_0.id,
        di1_0.created_at 
    from
        daily_intakes di1_0 
    where
        di1_0.user_id=?
2025-05-22 00:23:06 [http-nio-8080-exec-9] INFO  s.caloriecounter.log.LoggingAspect - Вызов метода: FoodController.getFoods() с аргументами: []
2025-05-22 00:23:06 [http-nio-8080-exec-9] DEBUG org.hibernate.SQL - 
    select
        f1_0.id,
        f1_0.calories,
        f1_0.carbs,
        f1_0.fats,
        f1_0.name,
        f1_0.protein 
    from
        foods f1_0
2025-05-22 00:23:06 [http-nio-8080-exec-9] INFO  s.caloriecounter.log.LoggingAspect - Метод FoodController.getFoods() успешно выполнен. Результат: <200 OK OK,[Food(id=1, name=Водка, calories=300.0, protein=0.0, fats=0.0, carbs=0.0), Food(id=2, name=Хлеб черный, calories=300.0, protein=2.0, fats=10.0, carbs=25.0), Food(id=3, name=Свининка, calories=400.0, protein=12.0, fats=20.0, carbs=30.0)],[]>
2025-05-22 00:23:07 [http-nio-8080-exec-3] INFO  s.caloriecounter.log.LoggingAspect - Вызов метода: FoodController.getFoods() с аргументами: []
2025-05-22 00:23:07 [http-nio-8080-exec-3] DEBUG org.hibernate.SQL - 
    select
        f1_0.id,
        f1_0.calories,
        f1_0.carbs,
        f1_0.fats,
        f1_0.name,
        f1_0.protein 
    from
        foods f1_0
2025-05-22 00:23:07 [http-nio-8080-exec-3] INFO  s.caloriecounter.log.LoggingAspect - Метод FoodController.getFoods() успешно выполнен. Результат: <200 OK OK,[Food(id=1, name=Водка, calories=300.0, protein=0.0, fats=0.0, carbs=0.0), Food(id=2, name=Хлеб черный, calories=300.0, protein=2.0, fats=10.0, carbs=25.0), Food(id=3, name=Свининка, calories=400.0, protein=12.0, fats=20.0, carbs=30.0)],[]>
2025-05-22 00:23:13 [http-nio-8080-exec-2] INFO  s.caloriecounter.log.LoggingAspect - Вызов метода: UserController.findAllUsers() с аргументами: []
2025-05-22 00:23:13 [http-nio-8080-exec-2] DEBUG org.hibernate.SQL - 
    select
        u1_0.id,
        u1_0.age,
        u1_0.email,
        u1_0.first_name,
        u1_0.gender,
        u1_0.height,
        u1_0.last_name,
        u1_0.weight 
    from
        users u1_0
2025-05-22 00:23:13 [http-nio-8080-exec-2] INFO  s.caloriecounter.log.LoggingAspect - Метод UserController.findAllUsers() успешно выполнен. Результат: <200 OK OK,[User(id=2, firstName=Мануха, lastName=Мануха, age=19, gender=MALE, email=123@mail.ru, weight=100, height=178), User(id=1, firstName=Даниил, lastName=Шорец, age=19, gender=MALE, email=mzitraks@mail.ru, weight=69, height=178)],[]>
2025-05-22 00:23:13 [http-nio-8080-exec-2] DEBUG org.hibernate.SQL - 
    select
        di1_0.user_id,
        di1_0.id,
        di1_0.created_at 
    from
        daily_intakes di1_0 
    where
        di1_0.user_id=?
2025-05-22 00:23:13 [http-nio-8080-exec-2] DEBUG org.hibernate.SQL - 
    select
        dif1_0.daily_intake_id,
        dif1_0.id,
        dif1_0.food_id,
        f1_0.id,
        f1_0.calories,
        f1_0.carbs,
        f1_0.fats,
        f1_0.name,
        f1_0.protein,
        dif1_0.weight 
    from
        daily_intake_food dif1_0 
    left join
        foods f1_0 
            on f1_0.id=dif1_0.food_id 
    where
        dif1_0.daily_intake_id=?
2025-05-22 00:23:13 [http-nio-8080-exec-2] DEBUG org.hibernate.SQL - 
    select
        di1_0.user_id,
        di1_0.id,
        di1_0.created_at 
    from
        daily_intakes di1_0 
    where
        di1_0.user_id=?
2025-05-22 00:23:13 [http-nio-8080-exec-1] INFO  s.caloriecounter.log.LoggingAspect - Вызов метода: UserController.findAllUsers() с аргументами: []
2025-05-22 00:23:13 [http-nio-8080-exec-1] DEBUG org.hibernate.SQL - 
    select
        u1_0.id,
        u1_0.age,
        u1_0.email,
        u1_0.first_name,
        u1_0.gender,
        u1_0.height,
        u1_0.last_name,
        u1_0.weight 
    from
        users u1_0
2025-05-22 00:23:13 [http-nio-8080-exec-1] INFO  s.caloriecounter.log.LoggingAspect - Метод UserController.findAllUsers() успешно выполнен. Результат: <200 OK OK,[User(id=2, firstName=Мануха, lastName=Мануха, age=19, gender=MALE, email=123@mail.ru, weight=100, height=178), User(id=1, firstName=Даниил, lastName=Шорец, age=19, gender=MALE, email=mzitraks@mail.ru, weight=69, height=178)],[]>
2025-05-22 00:23:13 [http-nio-8080-exec-1] DEBUG org.hibernate.SQL - 
    select
        di1_0.user_id,
        di1_0.id,
        di1_0.created_at 
    from
        daily_intakes di1_0 
    where
        di1_0.user_id=?
2025-05-22 00:23:13 [http-nio-8080-exec-1] DEBUG org.hibernate.SQL - 
    select
        dif1_0.daily_intake_id,
        dif1_0.id,
        dif1_0.food_id,
        f1_0.id,
        f1_0.calories,
        f1_0.carbs,
        f1_0.fats,
        f1_0.name,
        f1_0.protein,
        dif1_0.weight 
    from
        daily_intake_food dif1_0 
    left join
        foods f1_0 
            on f1_0.id=dif1_0.food_id 
    where
        dif1_0.daily_intake_id=?
2025-05-22 00:23:13 [http-nio-8080-exec-1] DEBUG org.hibernate.SQL - 
    select
        di1_0.user_id,
        di1_0.id,
        di1_0.created_at 
    from
        daily_intakes di1_0 
    where
        di1_0.user_id=?
2025-05-22 00:23:25 [http-nio-8080-exec-10] INFO  s.caloriecounter.log.LoggingAspect - Вызов метода: UserController.findAllUsers() с аргументами: []
2025-05-22 00:23:25 [http-nio-8080-exec-10] DEBUG org.hibernate.SQL - 
    select
        u1_0.id,
        u1_0.age,
        u1_0.email,
        u1_0.first_name,
        u1_0.gender,
        u1_0.height,
        u1_0.last_name,
        u1_0.weight 
    from
        users u1_0
2025-05-22 00:23:25 [http-nio-8080-exec-10] INFO  s.caloriecounter.log.LoggingAspect - Метод UserController.findAllUsers() успешно выполнен. Результат: <200 OK OK,[User(id=2, firstName=Мануха, lastName=Мануха, age=19, gender=MALE, email=123@mail.ru, weight=100, height=178), User(id=1, firstName=Даниил, lastName=Шорец, age=19, gender=MALE, email=mzitraks@mail.ru, weight=69, height=178)],[]>
2025-05-22 00:23:25 [http-nio-8080-exec-10] DEBUG org.hibernate.SQL - 
    select
        di1_0.user_id,
        di1_0.id,
        di1_0.created_at 
    from
        daily_intakes di1_0 
    where
        di1_0.user_id=?
2025-05-22 00:23:25 [http-nio-8080-exec-10] DEBUG org.hibernate.SQL - 
    select
        dif1_0.daily_intake_id,
        dif1_0.id,
        dif1_0.food_id,
        f1_0.id,
        f1_0.calories,
        f1_0.carbs,
        f1_0.fats,
        f1_0.name,
        f1_0.protein,
        dif1_0.weight 
    from
        daily_intake_food dif1_0 
    left join
        foods f1_0 
            on f1_0.id=dif1_0.food_id 
    where
        dif1_0.daily_intake_id=?
2025-05-22 00:23:25 [http-nio-8080-exec-10] DEBUG org.hibernate.SQL - 
    select
        di1_0.user_id,
        di1_0.id,
        di1_0.created_at 
    from
        daily_intakes di1_0 
    where
        di1_0.user_id=?
2025-05-22 00:23:25 [http-nio-8080-exec-5] INFO  s.caloriecounter.log.LoggingAspect - Вызов метода: UserController.findAllUsers() с аргументами: []
2025-05-22 00:23:25 [http-nio-8080-exec-5] DEBUG org.hibernate.SQL - 
    select
        u1_0.id,
        u1_0.age,
        u1_0.email,
        u1_0.first_name,
        u1_0.gender,
        u1_0.height,
        u1_0.last_name,
        u1_0.weight 
    from
        users u1_0
2025-05-22 00:23:25 [http-nio-8080-exec-5] INFO  s.caloriecounter.log.LoggingAspect - Метод UserController.findAllUsers() успешно выполнен. Результат: <200 OK OK,[User(id=2, firstName=Мануха, lastName=Мануха, age=19, gender=MALE, email=123@mail.ru, weight=100, height=178), User(id=1, firstName=Даниил, lastName=Шорец, age=19, gender=MALE, email=mzitraks@mail.ru, weight=69, height=178)],[]>
2025-05-22 00:23:25 [http-nio-8080-exec-5] DEBUG org.hibernate.SQL - 
    select
        di1_0.user_id,
        di1_0.id,
        di1_0.created_at 
    from
        daily_intakes di1_0 
    where
        di1_0.user_id=?
2025-05-22 00:23:25 [http-nio-8080-exec-5] DEBUG org.hibernate.SQL - 
    select
        dif1_0.daily_intake_id,
        dif1_0.id,
        dif1_0.food_id,
        f1_0.id,
        f1_0.calories,
        f1_0.carbs,
        f1_0.fats,
        f1_0.name,
        f1_0.protein,
        dif1_0.weight 
    from
        daily_intake_food dif1_0 
    left join
        foods f1_0 
            on f1_0.id=dif1_0.food_id 
    where
        dif1_0.daily_intake_id=?
2025-05-22 00:23:25 [http-nio-8080-exec-5] DEBUG org.hibernate.SQL - 
    select
        di1_0.user_id,
        di1_0.id,
        di1_0.created_at 
    from
        daily_intakes di1_0 
    where
        di1_0.user_id=?
2025-05-22 00:23:32 [http-nio-8080-exec-6] INFO  s.caloriecounter.log.LoggingAspect - Вызов метода: UserController.findAllUsers() с аргументами: []
2025-05-22 00:23:32 [http-nio-8080-exec-6] DEBUG org.hibernate.SQL - 
    select
        u1_0.id,
        u1_0.age,
        u1_0.email,
        u1_0.first_name,
        u1_0.gender,
        u1_0.height,
        u1_0.last_name,
        u1_0.weight 
    from
        users u1_0
2025-05-22 00:23:32 [http-nio-8080-exec-6] INFO  s.caloriecounter.log.LoggingAspect - Метод UserController.findAllUsers() успешно выполнен. Результат: <200 OK OK,[User(id=2, firstName=Мануха, lastName=Мануха, age=19, gender=MALE, email=123@mail.ru, weight=100, height=178), User(id=1, firstName=Даниил, lastName=Шорец, age=19, gender=MALE, email=mzitraks@mail.ru, weight=69, height=178)],[]>
2025-05-22 00:23:32 [http-nio-8080-exec-6] DEBUG org.hibernate.SQL - 
    select
        di1_0.user_id,
        di1_0.id,
        di1_0.created_at 
    from
        daily_intakes di1_0 
    where
        di1_0.user_id=?
2025-05-22 00:23:32 [http-nio-8080-exec-6] DEBUG org.hibernate.SQL - 
    select
        dif1_0.daily_intake_id,
        dif1_0.id,
        dif1_0.food_id,
        f1_0.id,
        f1_0.calories,
        f1_0.carbs,
        f1_0.fats,
        f1_0.name,
        f1_0.protein,
        dif1_0.weight 
    from
        daily_intake_food dif1_0 
    left join
        foods f1_0 
            on f1_0.id=dif1_0.food_id 
    where
        dif1_0.daily_intake_id=?
2025-05-22 00:23:32 [http-nio-8080-exec-6] DEBUG org.hibernate.SQL - 
    select
        di1_0.user_id,
        di1_0.id,
        di1_0.created_at 
    from
        daily_intakes di1_0 
    where
        di1_0.user_id=?
2025-05-22 00:23:32 [http-nio-8080-exec-7] INFO  s.caloriecounter.log.LoggingAspect - Вызов метода: UserController.findAllUsers() с аргументами: []
2025-05-22 00:23:32 [http-nio-8080-exec-7] DEBUG org.hibernate.SQL - 
    select
        u1_0.id,
        u1_0.age,
        u1_0.email,
        u1_0.first_name,
        u1_0.gender,
        u1_0.height,
        u1_0.last_name,
        u1_0.weight 
    from
        users u1_0
2025-05-22 00:23:32 [http-nio-8080-exec-7] INFO  s.caloriecounter.log.LoggingAspect - Метод UserController.findAllUsers() успешно выполнен. Результат: <200 OK OK,[User(id=2, firstName=Мануха, lastName=Мануха, age=19, gender=MALE, email=123@mail.ru, weight=100, height=178), User(id=1, firstName=Даниил, lastName=Шорец, age=19, gender=MALE, email=mzitraks@mail.ru, weight=69, height=178)],[]>
2025-05-22 00:23:32 [http-nio-8080-exec-7] DEBUG org.hibernate.SQL - 
    select
        di1_0.user_id,
        di1_0.id,
        di1_0.created_at 
    from
        daily_intakes di1_0 
    where
        di1_0.user_id=?
2025-05-22 00:23:32 [http-nio-8080-exec-7] DEBUG org.hibernate.SQL - 
    select
        dif1_0.daily_intake_id,
        dif1_0.id,
        dif1_0.food_id,
        f1_0.id,
        f1_0.calories,
        f1_0.carbs,
        f1_0.fats,
        f1_0.name,
        f1_0.protein,
        dif1_0.weight 
    from
        daily_intake_food dif1_0 
    left join
        foods f1_0 
            on f1_0.id=dif1_0.food_id 
    where
        dif1_0.daily_intake_id=?
2025-05-22 00:23:32 [http-nio-8080-exec-7] DEBUG org.hibernate.SQL - 
    select
        di1_0.user_id,
        di1_0.id,
        di1_0.created_at 
    from
        daily_intakes di1_0 
    where
        di1_0.user_id=?
2025-05-22 00:23:32 [pool-2-thread-1] DEBUG s.c.cache.DailyIntakeCache - Performed cache cleanup
2025-05-22 00:23:35 [http-nio-8080-exec-8] INFO  s.caloriecounter.log.LoggingAspect - Вызов метода: FoodController.getFoods() с аргументами: []
2025-05-22 00:23:35 [http-nio-8080-exec-8] DEBUG org.hibernate.SQL - 
    select
        f1_0.id,
        f1_0.calories,
        f1_0.carbs,
        f1_0.fats,
        f1_0.name,
        f1_0.protein 
    from
        foods f1_0
2025-05-22 00:23:35 [http-nio-8080-exec-8] INFO  s.caloriecounter.log.LoggingAspect - Метод FoodController.getFoods() успешно выполнен. Результат: <200 OK OK,[Food(id=1, name=Водка, calories=300.0, protein=0.0, fats=0.0, carbs=0.0), Food(id=2, name=Хлеб черный, calories=300.0, protein=2.0, fats=10.0, carbs=25.0), Food(id=3, name=Свининка, calories=400.0, protein=12.0, fats=20.0, carbs=30.0)],[]>
2025-05-22 00:23:35 [http-nio-8080-exec-4] INFO  s.caloriecounter.log.LoggingAspect - Вызов метода: FoodController.getFoods() с аргументами: []
2025-05-22 00:23:35 [http-nio-8080-exec-4] DEBUG org.hibernate.SQL - 
    select
        f1_0.id,
        f1_0.calories,
        f1_0.carbs,
        f1_0.fats,
        f1_0.name,
        f1_0.protein 
    from
        foods f1_0
2025-05-22 00:23:35 [http-nio-8080-exec-4] INFO  s.caloriecounter.log.LoggingAspect - Метод FoodController.getFoods() успешно выполнен. Результат: <200 OK OK,[Food(id=1, name=Водка, calories=300.0, protein=0.0, fats=0.0, carbs=0.0), Food(id=2, name=Хлеб черный, calories=300.0, protein=2.0, fats=10.0, carbs=25.0), Food(id=3, name=Свининка, calories=400.0, protein=12.0, fats=20.0, carbs=30.0)],[]>
2025-05-22 00:23:52 [http-nio-8080-exec-9] INFO  s.caloriecounter.log.LoggingAspect - Вызов метода: FoodController.getFoods() с аргументами: []
2025-05-22 00:23:52 [http-nio-8080-exec-9] DEBUG org.hibernate.SQL - 
    select
        f1_0.id,
        f1_0.calories,
        f1_0.carbs,
        f1_0.fats,
        f1_0.name,
        f1_0.protein 
    from
        foods f1_0
2025-05-22 00:23:52 [http-nio-8080-exec-9] INFO  s.caloriecounter.log.LoggingAspect - Метод FoodController.getFoods() успешно выполнен. Результат: <200 OK OK,[Food(id=1, name=Водка, calories=300.0, protein=0.0, fats=0.0, carbs=0.0), Food(id=2, name=Хлеб черный, calories=300.0, protein=2.0, fats=10.0, carbs=25.0), Food(id=3, name=Свининка, calories=400.0, protein=12.0, fats=20.0, carbs=30.0)],[]>
2025-05-22 00:23:52 [http-nio-8080-exec-3] INFO  s.caloriecounter.log.LoggingAspect - Вызов метода: FoodController.getFoods() с аргументами: []
2025-05-22 00:23:52 [http-nio-8080-exec-3] DEBUG org.hibernate.SQL - 
    select
        f1_0.id,
        f1_0.calories,
        f1_0.carbs,
        f1_0.fats,
        f1_0.name,
        f1_0.protein 
    from
        foods f1_0
2025-05-22 00:23:52 [http-nio-8080-exec-3] INFO  s.caloriecounter.log.LoggingAspect - Метод FoodController.getFoods() успешно выполнен. Результат: <200 OK OK,[Food(id=1, name=Водка, calories=300.0, protein=0.0, fats=0.0, carbs=0.0), Food(id=2, name=Хлеб черный, calories=300.0, protein=2.0, fats=10.0, carbs=25.0), Food(id=3, name=Свининка, calories=400.0, protein=12.0, fats=20.0, carbs=30.0)],[]>
2025-05-22 00:24:02 [http-nio-8080-exec-1] INFO  s.caloriecounter.log.LoggingAspect - Вызов метода: DailyIntakeController.updateDailyIntake(..) с аргументами: [17, UpdateDailyIntakeRequest(foodIds=[1, 1], weights=[300.0, 1.0])]
2025-05-22 00:24:02 [http-nio-8080-exec-1] DEBUG org.hibernate.SQL - 
    select
        di1_0.id,
        di1_0.created_at,
        di1_0.user_id 
    from
        daily_intakes di1_0 
    where
        di1_0.id=?
2025-05-22 00:24:02 [http-nio-8080-exec-1] INFO  s.c.service.DailyIntakeServiceImpl - Updating daily intake id=17 with foodIds=[1, 1] and weights=[300.0, 1.0]
2025-05-22 00:24:02 [http-nio-8080-exec-1] DEBUG org.hibernate.SQL - 
    select
        dif1_0.daily_intake_id,
        dif1_0.id,
        dif1_0.food_id,
        f1_0.id,
        f1_0.calories,
        f1_0.carbs,
        f1_0.fats,
        f1_0.name,
        f1_0.protein,
        dif1_0.weight 
    from
        daily_intake_food dif1_0 
    left join
        foods f1_0 
            on f1_0.id=dif1_0.food_id 
    where
        dif1_0.daily_intake_id=?
2025-05-22 00:24:02 [http-nio-8080-exec-1] INFO  s.c.service.DailyIntakeServiceImpl - Current foods in daily intake id=17: foodId=1, weight=300.0; foodId=2, weight=100.0
2025-05-22 00:24:02 [http-nio-8080-exec-1] INFO  s.c.service.DailyIntakeServiceImpl - New food weight map: {1=301.0}
2025-05-22 00:24:02 [http-nio-8080-exec-1] INFO  s.c.service.DailyIntakeServiceImpl - Removing foodId=2 from daily intake id=17
2025-05-22 00:24:02 [http-nio-8080-exec-1] INFO  s.c.service.DailyIntakeServiceImpl - Removed 1 foods from daily intake id=17
2025-05-22 00:24:02 [http-nio-8080-exec-1] INFO  s.c.service.DailyIntakeServiceImpl - Updating weight for foodId=1 to 301.0
2025-05-22 00:24:02 [http-nio-8080-exec-1] INFO  s.c.service.DailyIntakeServiceImpl - Saving daily intake id=17 with 1 foods
2025-05-22 00:24:02 [http-nio-8080-exec-1] DEBUG org.hibernate.SQL - 
    select
        u1_0.id,
        u1_0.age,
        u1_0.email,
        u1_0.first_name,
        u1_0.gender,
        u1_0.height,
        u1_0.last_name,
        u1_0.weight 
    from
        users u1_0 
    where
        u1_0.id=?
2025-05-22 00:24:02 [http-nio-8080-exec-1] INFO  s.c.cache.DailyIntakeCache - Evicted intakesWithDate cache for email=123@mail.ru and date=2025-05-21
2025-05-22 00:24:02 [http-nio-8080-exec-1] INFO  s.c.cache.DailyIntakeCache - Evicted nutrition cache for email=123@mail.ru and date=2025-05-21
2025-05-22 00:24:02 [http-nio-8080-exec-1] INFO  s.c.service.DailyIntakeServiceImpl - Evicted cache for email=123@mail.ru and date=2025-05-21
2025-05-22 00:24:02 [http-nio-8080-exec-1] INFO  s.c.cache.DailyIntakeCache - Evicted intakesWithoutDate cache for email=123@mail.ru
2025-05-22 00:24:02 [http-nio-8080-exec-1] INFO  s.c.cache.DailyIntakeCache - Evicted nutrition cache for intakeId=17
2025-05-22 00:24:02 [http-nio-8080-exec-1] INFO  s.c.service.DailyIntakeServiceImpl - Evicted intakesWithoutDate and intakeNutrition cache for email=123@mail.ru and intakeId=17
2025-05-22 00:24:02 [http-nio-8080-exec-1] INFO  s.c.cache.DailyIntakeCache - Cached 1 intakes for email=123@mail.ru and date=2025-05-21
2025-05-22 00:24:02 [http-nio-8080-exec-1] INFO  s.c.cache.DailyIntakeCache - Evicted nutrition cache for email=123@mail.ru and date=2025-05-21
2025-05-22 00:24:02 [http-nio-8080-exec-1] INFO  s.c.cache.DailyIntakeCache - Evicted nutrition cache for intakeId=17
2025-05-22 00:24:02 [http-nio-8080-exec-1] INFO  s.c.service.DailyIntakeServiceImpl - Updated cache for daily intake id=17, email=123@mail.ru, date=2025-05-21
2025-05-22 00:24:02 [http-nio-8080-exec-1] INFO  s.c.service.DailyIntakeServiceImpl - Updated daily intake id=17. Food count: 1
2025-05-22 00:24:02 [http-nio-8080-exec-1] DEBUG org.hibernate.SQL - 
    update
        daily_intake_food 
    set
        daily_intake_id=?,
        food_id=?,
        weight=? 
    where
        id=?
2025-05-22 00:24:02 [http-nio-8080-exec-1] DEBUG org.hibernate.SQL - 
    delete 
    from
        daily_intake_food 
    where
        id=?
2025-05-22 00:24:02 [http-nio-8080-exec-1] INFO  s.c.controller.DailyIntakeController - Updated daily intake with id=17
2025-05-22 00:24:02 [http-nio-8080-exec-1] INFO  s.caloriecounter.log.LoggingAspect - Метод DailyIntakeController.updateDailyIntake(..) успешно выполнен. Результат: <200 OK OK,Daily intake updated successfully.,[]>
2025-05-22 00:24:02 [http-nio-8080-exec-10] INFO  s.caloriecounter.log.LoggingAspect - Вызов метода: UserController.findById(..) с аргументами: [2]
2025-05-22 00:24:02 [http-nio-8080-exec-10] DEBUG org.hibernate.SQL - 
    select
        u1_0.id,
        u1_0.age,
        u1_0.email,
        u1_0.first_name,
        u1_0.gender,
        u1_0.height,
        u1_0.last_name,
        u1_0.weight 
    from
        users u1_0 
    where
        u1_0.id=?
2025-05-22 00:24:02 [http-nio-8080-exec-10] INFO  s.caloriecounter.log.LoggingAspect - Метод UserController.findById(..) успешно выполнен. Результат: <200 OK OK,User(id=2, firstName=Мануха, lastName=Мануха, age=19, gender=MALE, email=123@mail.ru, weight=100, height=178),[]>
2025-05-22 00:24:02 [http-nio-8080-exec-10] DEBUG org.hibernate.SQL - 
    select
        di1_0.user_id,
        di1_0.id,
        di1_0.created_at 
    from
        daily_intakes di1_0 
    where
        di1_0.user_id=?
2025-05-22 00:24:02 [http-nio-8080-exec-10] DEBUG org.hibernate.SQL - 
    select
        dif1_0.daily_intake_id,
        dif1_0.id,
        dif1_0.food_id,
        f1_0.id,
        f1_0.calories,
        f1_0.carbs,
        f1_0.fats,
        f1_0.name,
        f1_0.protein,
        dif1_0.weight 
    from
        daily_intake_food dif1_0 
    left join
        foods f1_0 
            on f1_0.id=dif1_0.food_id 
    where
        dif1_0.daily_intake_id=?
2025-05-22 00:24:04 [http-nio-8080-exec-5] INFO  s.caloriecounter.log.LoggingAspect - Вызов метода: FoodController.getFoods() с аргументами: []
2025-05-22 00:24:04 [http-nio-8080-exec-5] DEBUG org.hibernate.SQL - 
    select
        f1_0.id,
        f1_0.calories,
        f1_0.carbs,
        f1_0.fats,
        f1_0.name,
        f1_0.protein 
    from
        foods f1_0
2025-05-22 00:24:04 [http-nio-8080-exec-5] INFO  s.caloriecounter.log.LoggingAspect - Метод FoodController.getFoods() успешно выполнен. Результат: <200 OK OK,[Food(id=1, name=Водка, calories=300.0, protein=0.0, fats=0.0, carbs=0.0), Food(id=2, name=Хлеб черный, calories=300.0, protein=2.0, fats=10.0, carbs=25.0), Food(id=3, name=Свининка, calories=400.0, protein=12.0, fats=20.0, carbs=30.0)],[]>
2025-05-22 00:24:04 [http-nio-8080-exec-6] INFO  s.caloriecounter.log.LoggingAspect - Вызов метода: FoodController.getFoods() с аргументами: []
2025-05-22 00:24:04 [http-nio-8080-exec-6] DEBUG org.hibernate.SQL - 
    select
        f1_0.id,
        f1_0.calories,
        f1_0.carbs,
        f1_0.fats,
        f1_0.name,
        f1_0.protein 
    from
        foods f1_0
2025-05-22 00:24:04 [http-nio-8080-exec-6] INFO  s.caloriecounter.log.LoggingAspect - Метод FoodController.getFoods() успешно выполнен. Результат: <200 OK OK,[Food(id=1, name=Водка, calories=300.0, protein=0.0, fats=0.0, carbs=0.0), Food(id=2, name=Хлеб черный, calories=300.0, protein=2.0, fats=10.0, carbs=25.0), Food(id=3, name=Свининка, calories=400.0, protein=12.0, fats=20.0, carbs=30.0)],[]>
2025-05-22 00:24:12 [http-nio-8080-exec-8] INFO  s.caloriecounter.log.LoggingAspect - Вызов метода: DailyIntakeController.createDailyIntake(..) с аргументами: [DailyIntakeRequest(userId=2, foodEntries=[FoodEntry(foodId=1, weight=1000.0)])]
2025-05-22 00:24:12 [http-nio-8080-exec-8] DEBUG org.hibernate.SQL - 
    select
        u1_0.id,
        u1_0.age,
        u1_0.email,
        u1_0.first_name,
        u1_0.gender,
        u1_0.height,
        u1_0.last_name,
        u1_0.weight 
    from
        users u1_0 
    where
        u1_0.id=?
2025-05-22 00:24:12 [http-nio-8080-exec-8] INFO  s.c.cache.DailyIntakeCache - Evicted intakesWithoutDate cache for email=123@mail.ru
2025-05-22 00:24:12 [http-nio-8080-exec-8] INFO  s.c.cache.DailyIntakeCache - Evicted nutrition cache for email=123@mail.ru and date=2025-05-22
2025-05-22 00:24:12 [http-nio-8080-exec-8] DEBUG org.hibernate.SQL - 
    select
        f1_0.id,
        f1_0.calories,
        f1_0.carbs,
        f1_0.fats,
        f1_0.name,
        f1_0.protein 
    from
        foods f1_0 
    where
        f1_0.id=?
2025-05-22 00:24:12 [http-nio-8080-exec-8] DEBUG org.hibernate.SQL - 
    insert 
    into
        daily_intakes
        (created_at, user_id) 
    values
        (?, ?)
2025-05-22 00:24:12 [http-nio-8080-exec-8] DEBUG org.hibernate.SQL - 
    insert 
    into
        daily_intake_food
        (daily_intake_id, food_id, weight) 
    values
        (?, ?, ?)
2025-05-22 00:24:12 [http-nio-8080-exec-8] INFO  s.c.cache.DailyIntakeCache - Evicted intakesWithDate cache for email=123@mail.ru and date=2025-05-22
2025-05-22 00:24:12 [http-nio-8080-exec-8] INFO  s.c.cache.DailyIntakeCache - Evicted nutrition cache for email=123@mail.ru and date=2025-05-22
2025-05-22 00:24:12 [http-nio-8080-exec-8] INFO  s.c.service.DailyIntakeServiceImpl - Evicted cache for email=123@mail.ru and date=2025-05-22
2025-05-22 00:24:12 [http-nio-8080-exec-8] INFO  s.c.cache.DailyIntakeCache - Evicted intakesWithoutDate cache for email=123@mail.ru
2025-05-22 00:24:12 [http-nio-8080-exec-8] INFO  s.c.cache.DailyIntakeCache - Evicted nutrition cache for intakeId=18
2025-05-22 00:24:12 [http-nio-8080-exec-8] INFO  s.c.service.DailyIntakeServiceImpl - Evicted intakesWithoutDate and intakeNutrition cache for email=123@mail.ru and intakeId=18
2025-05-22 00:24:12 [http-nio-8080-exec-8] INFO  s.c.service.DailyIntakeServiceImpl - Created daily intake with id=18 for userId=2, food count=1
2025-05-22 00:24:12 [http-nio-8080-exec-8] INFO  s.c.controller.DailyIntakeController - Created daily intake with id=18 for userId=2
2025-05-22 00:24:12 [http-nio-8080-exec-8] INFO  s.caloriecounter.log.LoggingAspect - Метод DailyIntakeController.createDailyIntake(..) успешно выполнен. Результат: <201 CREATED Created,Daily intake created successfully with id: 18,[]>
2025-05-22 00:24:12 [http-nio-8080-exec-4] INFO  s.caloriecounter.log.LoggingAspect - Вызов метода: UserController.findById(..) с аргументами: [2]
2025-05-22 00:24:12 [http-nio-8080-exec-4] DEBUG org.hibernate.SQL - 
    select
        u1_0.id,
        u1_0.age,
        u1_0.email,
        u1_0.first_name,
        u1_0.gender,
        u1_0.height,
        u1_0.last_name,
        u1_0.weight 
    from
        users u1_0 
    where
        u1_0.id=?
2025-05-22 00:24:12 [http-nio-8080-exec-4] INFO  s.caloriecounter.log.LoggingAspect - Метод UserController.findById(..) успешно выполнен. Результат: <200 OK OK,User(id=2, firstName=Мануха, lastName=Мануха, age=19, gender=MALE, email=123@mail.ru, weight=100, height=178),[]>
2025-05-22 00:24:12 [http-nio-8080-exec-4] DEBUG org.hibernate.SQL - 
    select
        di1_0.user_id,
        di1_0.id,
        di1_0.created_at 
    from
        daily_intakes di1_0 
    where
        di1_0.user_id=?
2025-05-22 00:24:12 [http-nio-8080-exec-4] DEBUG org.hibernate.SQL - 
    select
        dif1_0.daily_intake_id,
        dif1_0.id,
        dif1_0.food_id,
        f1_0.id,
        f1_0.calories,
        f1_0.carbs,
        f1_0.fats,
        f1_0.name,
        f1_0.protein,
        dif1_0.weight 
    from
        daily_intake_food dif1_0 
    left join
        foods f1_0 
            on f1_0.id=dif1_0.food_id 
    where
        dif1_0.daily_intake_id=?
2025-05-22 00:24:12 [http-nio-8080-exec-4] DEBUG org.hibernate.SQL - 
    select
        dif1_0.daily_intake_id,
        dif1_0.id,
        dif1_0.food_id,
        f1_0.id,
        f1_0.calories,
        f1_0.carbs,
        f1_0.fats,
        f1_0.name,
        f1_0.protein,
        dif1_0.weight 
    from
        daily_intake_food dif1_0 
    left join
        foods f1_0 
            on f1_0.id=dif1_0.food_id 
    where
        dif1_0.daily_intake_id=?
2025-05-22 00:24:17 [http-nio-8080-exec-9] INFO  s.caloriecounter.log.LoggingAspect - Вызов метода: FoodController.getFoods() с аргументами: []
2025-05-22 00:24:17 [http-nio-8080-exec-9] DEBUG org.hibernate.SQL - 
    select
        f1_0.id,
        f1_0.calories,
        f1_0.carbs,
        f1_0.fats,
        f1_0.name,
        f1_0.protein 
    from
        foods f1_0
2025-05-22 00:24:17 [http-nio-8080-exec-9] INFO  s.caloriecounter.log.LoggingAspect - Метод FoodController.getFoods() успешно выполнен. Результат: <200 OK OK,[Food(id=1, name=Водка, calories=300.0, protein=0.0, fats=0.0, carbs=0.0), Food(id=2, name=Хлеб черный, calories=300.0, protein=2.0, fats=10.0, carbs=25.0), Food(id=3, name=Свининка, calories=400.0, protein=12.0, fats=20.0, carbs=30.0)],[]>
2025-05-22 00:24:17 [http-nio-8080-exec-3] INFO  s.caloriecounter.log.LoggingAspect - Вызов метода: FoodController.getFoods() с аргументами: []
2025-05-22 00:24:17 [http-nio-8080-exec-3] DEBUG org.hibernate.SQL - 
    select
        f1_0.id,
        f1_0.calories,
        f1_0.carbs,
        f1_0.fats,
        f1_0.name,
        f1_0.protein 
    from
        foods f1_0
2025-05-22 00:24:17 [http-nio-8080-exec-3] INFO  s.caloriecounter.log.LoggingAspect - Метод FoodController.getFoods() успешно выполнен. Результат: <200 OK OK,[Food(id=1, name=Водка, calories=300.0, protein=0.0, fats=0.0, carbs=0.0), Food(id=2, name=Хлеб черный, calories=300.0, protein=2.0, fats=10.0, carbs=25.0), Food(id=3, name=Свининка, calories=400.0, protein=12.0, fats=20.0, carbs=30.0)],[]>
2025-05-22 00:24:25 [http-nio-8080-exec-1] INFO  s.caloriecounter.log.LoggingAspect - Вызов метода: DailyIntakeController.updateDailyIntake(..) с аргументами: [18, UpdateDailyIntakeRequest(foodIds=[1, 2], weights=[1000.0, 10.0])]
2025-05-22 00:24:25 [http-nio-8080-exec-1] DEBUG org.hibernate.SQL - 
    select
        di1_0.id,
        di1_0.created_at,
        di1_0.user_id 
    from
        daily_intakes di1_0 
    where
        di1_0.id=?
2025-05-22 00:24:25 [http-nio-8080-exec-1] INFO  s.c.service.DailyIntakeServiceImpl - Updating daily intake id=18 with foodIds=[1, 2] and weights=[1000.0, 10.0]
2025-05-22 00:24:25 [http-nio-8080-exec-1] DEBUG org.hibernate.SQL - 
    select
        dif1_0.daily_intake_id,
        dif1_0.id,
        dif1_0.food_id,
        f1_0.id,
        f1_0.calories,
        f1_0.carbs,
        f1_0.fats,
        f1_0.name,
        f1_0.protein,
        dif1_0.weight 
    from
        daily_intake_food dif1_0 
    left join
        foods f1_0 
            on f1_0.id=dif1_0.food_id 
    where
        dif1_0.daily_intake_id=?
2025-05-22 00:24:25 [http-nio-8080-exec-1] INFO  s.c.service.DailyIntakeServiceImpl - Current foods in daily intake id=18: foodId=1, weight=1000.0
2025-05-22 00:24:25 [http-nio-8080-exec-1] INFO  s.c.service.DailyIntakeServiceImpl - New food weight map: {1=1000.0, 2=10.0}
2025-05-22 00:24:25 [http-nio-8080-exec-1] INFO  s.c.service.DailyIntakeServiceImpl - Removed 0 foods from daily intake id=18
2025-05-22 00:24:25 [http-nio-8080-exec-1] INFO  s.c.service.DailyIntakeServiceImpl - Updating weight for foodId=1 to 1000.0
2025-05-22 00:24:25 [http-nio-8080-exec-1] INFO  s.c.service.DailyIntakeServiceImpl - Adding new foodId=2 with weight=10.0 to daily intake id=18
2025-05-22 00:24:25 [http-nio-8080-exec-1] DEBUG org.hibernate.SQL - 
    select
        f1_0.id,
        f1_0.calories,
        f1_0.carbs,
        f1_0.fats,
        f1_0.name,
        f1_0.protein 
    from
        foods f1_0 
    where
        f1_0.id=?
2025-05-22 00:24:25 [http-nio-8080-exec-1] INFO  s.c.service.DailyIntakeServiceImpl - Saving daily intake id=18 with 2 foods
2025-05-22 00:24:25 [http-nio-8080-exec-1] DEBUG org.hibernate.SQL - 
    insert 
    into
        daily_intake_food
        (daily_intake_id, food_id, weight) 
    values
        (?, ?, ?)
2025-05-22 00:24:25 [http-nio-8080-exec-1] DEBUG org.hibernate.SQL - 
    select
        u1_0.id,
        u1_0.age,
        u1_0.email,
        u1_0.first_name,
        u1_0.gender,
        u1_0.height,
        u1_0.last_name,
        u1_0.weight 
    from
        users u1_0 
    where
        u1_0.id=?
2025-05-22 00:24:25 [http-nio-8080-exec-1] INFO  s.c.cache.DailyIntakeCache - Evicted intakesWithDate cache for email=123@mail.ru and date=2025-05-22
2025-05-22 00:24:25 [http-nio-8080-exec-1] INFO  s.c.cache.DailyIntakeCache - Evicted nutrition cache for email=123@mail.ru and date=2025-05-22
2025-05-22 00:24:25 [http-nio-8080-exec-1] INFO  s.c.service.DailyIntakeServiceImpl - Evicted cache for email=123@mail.ru and date=2025-05-22
2025-05-22 00:24:25 [http-nio-8080-exec-1] INFO  s.c.cache.DailyIntakeCache - Evicted intakesWithoutDate cache for email=123@mail.ru
2025-05-22 00:24:25 [http-nio-8080-exec-1] INFO  s.c.cache.DailyIntakeCache - Evicted nutrition cache for intakeId=18
2025-05-22 00:24:25 [http-nio-8080-exec-1] INFO  s.c.service.DailyIntakeServiceImpl - Evicted intakesWithoutDate and intakeNutrition cache for email=123@mail.ru and intakeId=18
2025-05-22 00:24:25 [http-nio-8080-exec-1] INFO  s.c.cache.DailyIntakeCache - Cached 1 intakes for email=123@mail.ru and date=2025-05-22
2025-05-22 00:24:25 [http-nio-8080-exec-1] INFO  s.c.cache.DailyIntakeCache - Evicted nutrition cache for email=123@mail.ru and date=2025-05-22
2025-05-22 00:24:25 [http-nio-8080-exec-1] INFO  s.c.cache.DailyIntakeCache - Evicted nutrition cache for intakeId=18
2025-05-22 00:24:25 [http-nio-8080-exec-1] INFO  s.c.service.DailyIntakeServiceImpl - Updated cache for daily intake id=18, email=123@mail.ru, date=2025-05-22
2025-05-22 00:24:25 [http-nio-8080-exec-1] INFO  s.c.service.DailyIntakeServiceImpl - Updated daily intake id=18. Food count: 2
2025-05-22 00:24:25 [http-nio-8080-exec-1] INFO  s.c.controller.DailyIntakeController - Updated daily intake with id=18
2025-05-22 00:24:25 [http-nio-8080-exec-1] INFO  s.caloriecounter.log.LoggingAspect - Метод DailyIntakeController.updateDailyIntake(..) успешно выполнен. Результат: <200 OK OK,Daily intake updated successfully.,[]>
2025-05-22 00:24:25 [http-nio-8080-exec-10] INFO  s.caloriecounter.log.LoggingAspect - Вызов метода: UserController.findById(..) с аргументами: [2]
2025-05-22 00:24:25 [http-nio-8080-exec-10] DEBUG org.hibernate.SQL - 
    select
        u1_0.id,
        u1_0.age,
        u1_0.email,
        u1_0.first_name,
        u1_0.gender,
        u1_0.height,
        u1_0.last_name,
        u1_0.weight 
    from
        users u1_0 
    where
        u1_0.id=?
2025-05-22 00:24:25 [http-nio-8080-exec-10] INFO  s.caloriecounter.log.LoggingAspect - Метод UserController.findById(..) успешно выполнен. Результат: <200 OK OK,User(id=2, firstName=Мануха, lastName=Мануха, age=19, gender=MALE, email=123@mail.ru, weight=100, height=178),[]>
2025-05-22 00:24:25 [http-nio-8080-exec-10] DEBUG org.hibernate.SQL - 
    select
        di1_0.user_id,
        di1_0.id,
        di1_0.created_at 
    from
        daily_intakes di1_0 
    where
        di1_0.user_id=?
2025-05-22 00:24:25 [http-nio-8080-exec-10] DEBUG org.hibernate.SQL - 
    select
        dif1_0.daily_intake_id,
        dif1_0.id,
        dif1_0.food_id,
        f1_0.id,
        f1_0.calories,
        f1_0.carbs,
        f1_0.fats,
        f1_0.name,
        f1_0.protein,
        dif1_0.weight 
    from
        daily_intake_food dif1_0 
    left join
        foods f1_0 
            on f1_0.id=dif1_0.food_id 
    where
        dif1_0.daily_intake_id=?
2025-05-22 00:24:25 [http-nio-8080-exec-10] DEBUG org.hibernate.SQL - 
    select
        dif1_0.daily_intake_id,
        dif1_0.id,
        dif1_0.food_id,
        f1_0.id,
        f1_0.calories,
        f1_0.carbs,
        f1_0.fats,
        f1_0.name,
        f1_0.protein,
        dif1_0.weight 
    from
        daily_intake_food dif1_0 
    left join
        foods f1_0 
            on f1_0.id=dif1_0.food_id 
    where
        dif1_0.daily_intake_id=?
2025-05-22 00:24:29 [http-nio-8080-exec-5] INFO  s.caloriecounter.log.LoggingAspect - Вызов метода: FoodController.getFoods() с аргументами: []
2025-05-22 00:24:29 [http-nio-8080-exec-5] DEBUG org.hibernate.SQL - 
    select
        f1_0.id,
        f1_0.calories,
        f1_0.carbs,
        f1_0.fats,
        f1_0.name,
        f1_0.protein 
    from
        foods f1_0
2025-05-22 00:24:29 [http-nio-8080-exec-5] INFO  s.caloriecounter.log.LoggingAspect - Метод FoodController.getFoods() успешно выполнен. Результат: <200 OK OK,[Food(id=1, name=Водка, calories=300.0, protein=0.0, fats=0.0, carbs=0.0), Food(id=2, name=Хлеб черный, calories=300.0, protein=2.0, fats=10.0, carbs=25.0), Food(id=3, name=Свининка, calories=400.0, protein=12.0, fats=20.0, carbs=30.0)],[]>
2025-05-22 00:24:29 [http-nio-8080-exec-6] INFO  s.caloriecounter.log.LoggingAspect - Вызов метода: FoodController.getFoods() с аргументами: []
2025-05-22 00:24:29 [http-nio-8080-exec-6] DEBUG org.hibernate.SQL - 
    select
        f1_0.id,
        f1_0.calories,
        f1_0.carbs,
        f1_0.fats,
        f1_0.name,
        f1_0.protein 
    from
        foods f1_0
2025-05-22 00:24:29 [http-nio-8080-exec-6] INFO  s.caloriecounter.log.LoggingAspect - Метод FoodController.getFoods() успешно выполнен. Результат: <200 OK OK,[Food(id=1, name=Водка, calories=300.0, protein=0.0, fats=0.0, carbs=0.0), Food(id=2, name=Хлеб черный, calories=300.0, protein=2.0, fats=10.0, carbs=25.0), Food(id=3, name=Свининка, calories=400.0, protein=12.0, fats=20.0, carbs=30.0)],[]>
2025-05-22 00:24:32 [pool-2-thread-1] DEBUG s.c.cache.DailyIntakeCache - Performed cache cleanup
2025-05-22 00:24:37 [http-nio-8080-exec-7] INFO  s.caloriecounter.log.LoggingAspect - Вызов метода: DailyIntakeController.updateDailyIntake(..) с аргументами: [18, UpdateDailyIntakeRequest(foodIds=[1, 2, 1], weights=[1000.0, 10.0, 1.0])]
2025-05-22 00:24:37 [http-nio-8080-exec-7] DEBUG org.hibernate.SQL - 
    select
        di1_0.id,
        di1_0.created_at,
        di1_0.user_id 
    from
        daily_intakes di1_0 
    where
        di1_0.id=?
2025-05-22 00:24:37 [http-nio-8080-exec-7] INFO  s.c.service.DailyIntakeServiceImpl - Updating daily intake id=18 with foodIds=[1, 2, 1] and weights=[1000.0, 10.0, 1.0]
2025-05-22 00:24:37 [http-nio-8080-exec-7] DEBUG org.hibernate.SQL - 
    select
        dif1_0.daily_intake_id,
        dif1_0.id,
        dif1_0.food_id,
        f1_0.id,
        f1_0.calories,
        f1_0.carbs,
        f1_0.fats,
        f1_0.name,
        f1_0.protein,
        dif1_0.weight 
    from
        daily_intake_food dif1_0 
    left join
        foods f1_0 
            on f1_0.id=dif1_0.food_id 
    where
        dif1_0.daily_intake_id=?
2025-05-22 00:24:37 [http-nio-8080-exec-7] INFO  s.c.service.DailyIntakeServiceImpl - Current foods in daily intake id=18: foodId=1, weight=1000.0; foodId=2, weight=10.0
2025-05-22 00:24:37 [http-nio-8080-exec-7] INFO  s.c.service.DailyIntakeServiceImpl - New food weight map: {1=1001.0, 2=10.0}
2025-05-22 00:24:37 [http-nio-8080-exec-7] INFO  s.c.service.DailyIntakeServiceImpl - Removed 0 foods from daily intake id=18
2025-05-22 00:24:37 [http-nio-8080-exec-7] INFO  s.c.service.DailyIntakeServiceImpl - Updating weight for foodId=1 to 1001.0
2025-05-22 00:24:37 [http-nio-8080-exec-7] INFO  s.c.service.DailyIntakeServiceImpl - Updating weight for foodId=2 to 10.0
2025-05-22 00:24:37 [http-nio-8080-exec-7] INFO  s.c.service.DailyIntakeServiceImpl - Saving daily intake id=18 with 2 foods
2025-05-22 00:24:37 [http-nio-8080-exec-7] DEBUG org.hibernate.SQL - 
    select
        u1_0.id,
        u1_0.age,
        u1_0.email,
        u1_0.first_name,
        u1_0.gender,
        u1_0.height,
        u1_0.last_name,
        u1_0.weight 
    from
        users u1_0 
    where
        u1_0.id=?
2025-05-22 00:24:37 [http-nio-8080-exec-7] INFO  s.c.cache.DailyIntakeCache - Evicted intakesWithDate cache for email=123@mail.ru and date=2025-05-22
2025-05-22 00:24:37 [http-nio-8080-exec-7] INFO  s.c.cache.DailyIntakeCache - Evicted nutrition cache for email=123@mail.ru and date=2025-05-22
2025-05-22 00:24:37 [http-nio-8080-exec-7] INFO  s.c.service.DailyIntakeServiceImpl - Evicted cache for email=123@mail.ru and date=2025-05-22
2025-05-22 00:24:37 [http-nio-8080-exec-7] INFO  s.c.cache.DailyIntakeCache - Evicted intakesWithoutDate cache for email=123@mail.ru
2025-05-22 00:24:37 [http-nio-8080-exec-7] INFO  s.c.cache.DailyIntakeCache - Evicted nutrition cache for intakeId=18
2025-05-22 00:24:37 [http-nio-8080-exec-7] INFO  s.c.service.DailyIntakeServiceImpl - Evicted intakesWithoutDate and intakeNutrition cache for email=123@mail.ru and intakeId=18
2025-05-22 00:24:37 [http-nio-8080-exec-7] INFO  s.c.cache.DailyIntakeCache - Cached 1 intakes for email=123@mail.ru and date=2025-05-22
2025-05-22 00:24:37 [http-nio-8080-exec-7] INFO  s.c.cache.DailyIntakeCache - Evicted nutrition cache for email=123@mail.ru and date=2025-05-22
2025-05-22 00:24:37 [http-nio-8080-exec-7] INFO  s.c.cache.DailyIntakeCache - Evicted nutrition cache for intakeId=18
2025-05-22 00:24:37 [http-nio-8080-exec-7] INFO  s.c.service.DailyIntakeServiceImpl - Updated cache for daily intake id=18, email=123@mail.ru, date=2025-05-22
2025-05-22 00:24:37 [http-nio-8080-exec-7] INFO  s.c.service.DailyIntakeServiceImpl - Updated daily intake id=18. Food count: 2
2025-05-22 00:24:37 [http-nio-8080-exec-7] DEBUG org.hibernate.SQL - 
    update
        daily_intake_food 
    set
        daily_intake_id=?,
        food_id=?,
        weight=? 
    where
        id=?
2025-05-22 00:24:37 [http-nio-8080-exec-7] INFO  s.c.controller.DailyIntakeController - Updated daily intake with id=18
2025-05-22 00:24:37 [http-nio-8080-exec-7] INFO  s.caloriecounter.log.LoggingAspect - Метод DailyIntakeController.updateDailyIntake(..) успешно выполнен. Результат: <200 OK OK,Daily intake updated successfully.,[]>
2025-05-22 00:24:37 [http-nio-8080-exec-8] INFO  s.caloriecounter.log.LoggingAspect - Вызов метода: UserController.findById(..) с аргументами: [2]
2025-05-22 00:24:37 [http-nio-8080-exec-8] DEBUG org.hibernate.SQL - 
    select
        u1_0.id,
        u1_0.age,
        u1_0.email,
        u1_0.first_name,
        u1_0.gender,
        u1_0.height,
        u1_0.last_name,
        u1_0.weight 
    from
        users u1_0 
    where
        u1_0.id=?
2025-05-22 00:24:37 [http-nio-8080-exec-8] INFO  s.caloriecounter.log.LoggingAspect - Метод UserController.findById(..) успешно выполнен. Результат: <200 OK OK,User(id=2, firstName=Мануха, lastName=Мануха, age=19, gender=MALE, email=123@mail.ru, weight=100, height=178),[]>
2025-05-22 00:24:37 [http-nio-8080-exec-8] DEBUG org.hibernate.SQL - 
    select
        di1_0.user_id,
        di1_0.id,
        di1_0.created_at 
    from
        daily_intakes di1_0 
    where
        di1_0.user_id=?
2025-05-22 00:24:37 [http-nio-8080-exec-8] DEBUG org.hibernate.SQL - 
    select
        dif1_0.daily_intake_id,
        dif1_0.id,
        dif1_0.food_id,
        f1_0.id,
        f1_0.calories,
        f1_0.carbs,
        f1_0.fats,
        f1_0.name,
        f1_0.protein,
        dif1_0.weight 
    from
        daily_intake_food dif1_0 
    left join
        foods f1_0 
            on f1_0.id=dif1_0.food_id 
    where
        dif1_0.daily_intake_id=?
2025-05-22 00:24:37 [http-nio-8080-exec-8] DEBUG org.hibernate.SQL - 
    select
        dif1_0.daily_intake_id,
        dif1_0.id,
        dif1_0.food_id,
        f1_0.id,
        f1_0.calories,
        f1_0.carbs,
        f1_0.fats,
        f1_0.name,
        f1_0.protein,
        dif1_0.weight 
    from
        daily_intake_food dif1_0 
    left join
        foods f1_0 
            on f1_0.id=dif1_0.food_id 
    where
        dif1_0.daily_intake_id=?
2025-05-22 00:24:43 [http-nio-8080-exec-4] INFO  s.caloriecounter.log.LoggingAspect - Вызов метода: DailyIntakeController.getNutritionForIntake(..) с аргументами: [18]
2025-05-22 00:24:43 [http-nio-8080-exec-4] DEBUG s.c.cache.DailyIntakeCache - No nutrition data found for intakeId=18
2025-05-22 00:24:43 [http-nio-8080-exec-4] DEBUG org.hibernate.SQL - 
    SELECT
        COALESCE(ROUND(CAST(SUM(f.calories * dif.weight / 100.0) AS NUMERIC), 1), 0.0) AS calories,
        COALESCE(ROUND(CAST(SUM(f.protein * dif.weight / 100.0) AS NUMERIC), 1), 0.0) AS protein,
        COALESCE(ROUND(CAST(SUM(f.fats * dif.weight / 100.0) AS NUMERIC), 1), 0.0) AS fats,
        COALESCE(ROUND(CAST(SUM(f.carbs * dif.weight / 100.0) AS NUMERIC), 1), 0.0) AS carbs 
    FROM
        daily_intakes di 
    JOIN
        users u 
            ON di.user_id = u.id 
    LEFT JOIN
        daily_intake_food dif 
            ON di.id = dif.daily_intake_id 
    LEFT JOIN
        foods f 
            ON dif.food_id = f.id 
    WHERE
        di.id = ? 
    GROUP BY
        di.id,
        u.email,
        u.id 
2025-05-22 00:24:43 [http-nio-8080-exec-4] INFO  s.c.cache.DailyIntakeCache - Cached nutrition data for intakeId=18: {calories=3033.0, fats=1.0, protein=0.2, carbs=2.5}
2025-05-22 00:24:43 [http-nio-8080-exec-4] INFO  s.c.service.DailyIntakeServiceImpl - Calculated nutrition data for intakeId=18: {calories=3033.0, fats=1.0, protein=0.2, carbs=2.5}
2025-05-22 00:24:43 [http-nio-8080-exec-4] INFO  s.c.controller.DailyIntakeController - Retrieved nutrition data for intakeId=18: DailyNutritionDto(calories=3033.0, protein=0.2, fats=1.0, carbs=2.5)
2025-05-22 00:24:43 [http-nio-8080-exec-4] INFO  s.caloriecounter.log.LoggingAspect - Метод DailyIntakeController.getNutritionForIntake(..) успешно выполнен. Результат: <200 OK OK,DailyNutritionDto(calories=3033.0, protein=0.2, fats=1.0, carbs=2.5),[]>
2025-05-22 00:25:32 [pool-2-thread-1] DEBUG s.c.cache.DailyIntakeCache - Performed cache cleanup
2025-05-22 00:25:51 [http-nio-8080-exec-3] INFO  s.caloriecounter.log.LoggingAspect - Вызов метода: DailyIntakeController.getNutrition(..) с аргументами: [123@mail.ru, 2025-05-22]
2025-05-22 00:25:51 [http-nio-8080-exec-3] DEBUG s.c.cache.DailyIntakeCache - No nutrition data found for email=123@mail.ru and date=2025-05-22
2025-05-22 00:25:51 [http-nio-8080-exec-3] DEBUG org.hibernate.SQL - 
    SELECT
        COALESCE(ROUND(CAST(SUM(f.calories * dif.weight / 100.0) AS NUMERIC), 1), 0.0) AS calories,
        COALESCE(ROUND(CAST(SUM(f.protein * dif.weight / 100.0) AS NUMERIC), 1), 0.0) AS protein,
        COALESCE(ROUND(CAST(SUM(f.fats * dif.weight / 100.0) AS NUMERIC), 1), 0.0) AS fats,
        COALESCE(ROUND(CAST(SUM(f.carbs * dif.weight / 100.0) AS NUMERIC), 1), 0.0) AS carbs 
    FROM
        daily_intakes di 
    JOIN
        users u 
            ON di.user_id = u.id 
    LEFT JOIN
        daily_intake_food dif 
            ON di.id = dif.daily_intake_id 
    LEFT JOIN
        foods f 
            ON dif.food_id = f.id 
    WHERE
        u.email = ? 
        AND di.created_at = ? 
    GROUP BY
        di.created_at,
        u.email,
        u.id 
2025-05-22 00:25:51 [http-nio-8080-exec-3] INFO  s.c.cache.DailyIntakeCache - Cached nutrition data for email=123@mail.ru and date=2025-05-22: {calories=3033.0, fats=1.0, protein=0.2, carbs=2.5}
2025-05-22 00:25:51 [http-nio-8080-exec-3] INFO  s.c.service.DailyIntakeServiceImpl - Calculated nutrition data for email=123@mail.ru and date=2025-05-22: {calories=3033.0, fats=1.0, protein=0.2, carbs=2.5}
2025-05-22 00:25:51 [http-nio-8080-exec-3] INFO  s.c.controller.DailyIntakeController - Retrieved nutrition data for email=123@mail.ru and date=2025-05-22: DailyNutritionDto(calories=3033.0, protein=0.2, fats=1.0, carbs=2.5)
2025-05-22 00:25:51 [http-nio-8080-exec-3] INFO  s.caloriecounter.log.LoggingAspect - Метод DailyIntakeController.getNutrition(..) успешно выполнен. Результат: <200 OK OK,DailyNutritionDto(calories=3033.0, protein=0.2, fats=1.0, carbs=2.5),[]>
2025-05-22 00:25:56 [http-nio-8080-exec-2] INFO  s.caloriecounter.log.LoggingAspect - Вызов метода: DailyIntakeController.getNutrition(..) с аргументами: [123@mail.ru, 2025-05-22]
2025-05-22 00:25:56 [http-nio-8080-exec-2] INFO  s.c.cache.DailyIntakeCache - Found nutrition data for email=123@mail.ru and date=2025-05-22: calories=3033.0, fats=1.0, carbs=2.5, ... (total 4 elements)
2025-05-22 00:25:56 [http-nio-8080-exec-2] INFO  s.c.service.DailyIntakeServiceImpl - Retrieved cached nutrition data for email=123@mail.ru and date=2025-05-22: {calories=3033.0, fats=1.0, carbs=2.5, protein=0.2}
2025-05-22 00:25:56 [http-nio-8080-exec-2] INFO  s.c.controller.DailyIntakeController - Retrieved nutrition data for email=123@mail.ru and date=2025-05-22: DailyNutritionDto(calories=3033.0, protein=0.2, fats=1.0, carbs=2.5)
2025-05-22 00:25:56 [http-nio-8080-exec-2] INFO  s.caloriecounter.log.LoggingAspect - Метод DailyIntakeController.getNutrition(..) успешно выполнен. Результат: <200 OK OK,DailyNutritionDto(calories=3033.0, protein=0.2, fats=1.0, carbs=2.5),[]>
